\BOOKMARK [0][-]{chapter.1}{\376\377\000E\000c\000o\000s\000y\000s\000t\000e\000m\000\040\000S\000i\000m\000u\000l\000a\000t\000o\000r}{}
\BOOKMARK [1][-]{section.1.1}{\376\377\000I\000n\000t\000r\000o\000d\000u\000c\000t\000i\000o\000n}{chapter.1}
\BOOKMARK [1][-]{section.1.2}{\376\377\000M\000o\000d\000e\000l\000\040\000F\000e\000a\000t\000u\000r\000e\000s}{chapter.1}
\BOOKMARK [2][-]{subsection.1.2.1}{\376\377\000N\000\040\000S\000p\000e\000c\000i\000e\000s}{section.1.2}
\BOOKMARK [2][-]{subsection.1.2.2}{\376\377\000M\000u\000t\000u\000a\000l\000\040\000A\000p\000p\000e\000t\000i\000t\000e}{section.1.2}
\BOOKMARK [2][-]{subsection.1.2.3}{\376\377\000V\000i\000v\000e\000n\000t\000\040\000G\000e\000n\000d\000e\000r}{section.1.2}
\BOOKMARK [1][-]{section.1.3}{\376\377\000P\000u\000r\000p\000o\000s\000e\000s}{chapter.1}
\BOOKMARK [1][-]{section.1.4}{\376\377\000V\000i\000v\000e\000n\000t\000\040\000M\000o\000d\000e\000l}{chapter.1}
\BOOKMARK [0][-]{chapter.2}{\376\377\000T\000o\000d\000o\000\040\000L\000i\000s\000t}{}
\BOOKMARK [0][-]{chapter.3}{\376\377\000C\000l\000a\000s\000s\000\040\000I\000n\000d\000e\000x}{}
\BOOKMARK [1][-]{section.3.1}{\376\377\000C\000l\000a\000s\000s\000\040\000H\000i\000e\000r\000a\000r\000c\000h\000y}{chapter.3}
\BOOKMARK [0][-]{chapter.4}{\376\377\000C\000l\000a\000s\000s\000\040\000I\000n\000d\000e\000x}{}
\BOOKMARK [1][-]{section.4.1}{\376\377\000C\000l\000a\000s\000s\000\040\000L\000i\000s\000t}{chapter.4}
\BOOKMARK [0][-]{chapter.5}{\376\377\000F\000i\000l\000e\000\040\000I\000n\000d\000e\000x}{}
\BOOKMARK [1][-]{section.5.1}{\376\377\000F\000i\000l\000e\000\040\000L\000i\000s\000t}{chapter.5}
\BOOKMARK [0][-]{chapter.6}{\376\377\000C\000l\000a\000s\000s\000\040\000D\000o\000c\000u\000m\000e\000n\000t\000a\000t\000i\000o\000n}{}
\BOOKMARK [1][-]{section.6.1}{\376\377\000A\000b\000s\000t\000r\000a\000c\000t\000C\000l\000o\000c\000k\000\040\000C\000l\000a\000s\000s\000\040\000R\000e\000f\000e\000r\000e\000n\000c\000e}{chapter.6}
\BOOKMARK [2][-]{subsection.6.1.1}{\376\377\000D\000e\000t\000a\000i\000l\000e\000d\000\040\000D\000e\000s\000c\000r\000i\000p\000t\000i\000o\000n}{section.6.1}
\BOOKMARK [2][-]{subsection.6.1.2}{\376\377\000M\000e\000m\000b\000e\000r\000\040\000F\000u\000n\000c\000t\000i\000o\000n\000\040\000D\000o\000c\000u\000m\000e\000n\000t\000a\000t\000i\000o\000n}{section.6.1}
\BOOKMARK [3][-]{subsubsection.6.1.2.1}{\376\377\000t\000i\000c\000k}{subsection.6.1.2}
\BOOKMARK [1][-]{section.6.2}{\376\377\000A\000n\000i\000m\000a\000l\000\040\000C\000l\000a\000s\000s\000\040\000R\000e\000f\000e\000r\000e\000n\000c\000e}{chapter.6}
\BOOKMARK [2][-]{subsection.6.2.1}{\376\377\000D\000e\000t\000a\000i\000l\000e\000d\000\040\000D\000e\000s\000c\000r\000i\000p\000t\000i\000o\000n}{section.6.2}
\BOOKMARK [2][-]{subsection.6.2.2}{\376\377\000C\000o\000n\000s\000t\000r\000u\000c\000t\000o\000r\000\040\000\046\000\040\000D\000e\000s\000t\000r\000u\000c\000t\000o\000r\000\040\000D\000o\000c\000u\000m\000e\000n\000t\000a\000t\000i\000o\000n}{section.6.2}
\BOOKMARK [3][-]{subsubsection.6.2.2.1}{\376\377\000A\000n\000i\000m\000a\000l}{subsection.6.2.2}
\BOOKMARK [3][-]{subsubsection.6.2.2.2}{\376\377\000A\000n\000i\000m\000a\000l}{subsection.6.2.2}
\BOOKMARK [2][-]{subsection.6.2.3}{\376\377\000M\000e\000m\000b\000e\000r\000\040\000F\000u\000n\000c\000t\000i\000o\000n\000\040\000D\000o\000c\000u\000m\000e\000n\000t\000a\000t\000i\000o\000n}{section.6.2}
\BOOKMARK [3][-]{subsubsection.6.2.3.1}{\376\377\000l\000i\000v\000e}{subsection.6.2.3}
\BOOKMARK [2][-]{subsection.6.2.4}{\376\377\000M\000e\000m\000b\000e\000r\000\040\000D\000a\000t\000a\000\040\000D\000o\000c\000u\000m\000e\000n\000t\000a\000t\000i\000o\000n}{section.6.2}
\BOOKMARK [3][-]{subsubsection.6.2.4.1}{\376\377\000m\000\137\000f\000i\000g\000h\000t\000\137\000c\000o\000a\000s\000t}{subsection.6.2.4}
\BOOKMARK [1][-]{section.6.3}{\376\377\000c\000h\000a\000n\000g\000e\000\137\000a\000n\000i\000m\000a\000l\000\137\000a\000p\000p\000e\000t\000i\000t\000e\000\040\000S\000t\000r\000u\000c\000t\000\040\000R\000e\000f\000e\000r\000e\000n\000c\000e}{chapter.6}
\BOOKMARK [2][-]{subsection.6.3.1}{\376\377\000D\000e\000t\000a\000i\000l\000e\000d\000\040\000D\000e\000s\000c\000r\000i\000p\000t\000i\000o\000n}{section.6.3}
\BOOKMARK [1][-]{section.6.4}{\376\377\000c\000h\000a\000n\000g\000e\000\137\000a\000n\000i\000m\000a\000l\000\137\000h\000p\000\040\000S\000t\000r\000u\000c\000t\000\040\000R\000e\000f\000e\000r\000e\000n\000c\000e}{chapter.6}
\BOOKMARK [2][-]{subsection.6.4.1}{\376\377\000D\000e\000t\000a\000i\000l\000e\000d\000\040\000D\000e\000s\000c\000r\000i\000p\000t\000i\000o\000n}{section.6.4}
\BOOKMARK [1][-]{section.6.5}{\376\377\000c\000h\000a\000n\000g\000e\000\137\000a\000n\000i\000m\000a\000l\000\137\000l\000i\000b\000i\000d\000o\000\040\000S\000t\000r\000u\000c\000t\000\040\000R\000e\000f\000e\000r\000e\000n\000c\000e}{chapter.6}
\BOOKMARK [2][-]{subsection.6.5.1}{\376\377\000D\000e\000t\000a\000i\000l\000e\000d\000\040\000D\000e\000s\000c\000r\000i\000p\000t\000i\000o\000n}{section.6.5}
\BOOKMARK [1][-]{section.6.6}{\376\377\000C\000l\000o\000c\000k\000\040\000C\000l\000a\000s\000s\000\040\000R\000e\000f\000e\000r\000e\000n\000c\000e}{chapter.6}
\BOOKMARK [2][-]{subsection.6.6.1}{\376\377\000D\000e\000t\000a\000i\000l\000e\000d\000\040\000D\000e\000s\000c\000r\000i\000p\000t\000i\000o\000n}{section.6.6}
\BOOKMARK [2][-]{subsection.6.6.2}{\376\377\000C\000o\000n\000s\000t\000r\000u\000c\000t\000o\000r\000\040\000\046\000\040\000D\000e\000s\000t\000r\000u\000c\000t\000o\000r\000\040\000D\000o\000c\000u\000m\000e\000n\000t\000a\000t\000i\000o\000n}{section.6.6}
\BOOKMARK [3][-]{subsubsection.6.6.2.1}{\376\377\000C\000l\000o\000c\000k}{subsection.6.6.2}
\BOOKMARK [2][-]{subsection.6.6.3}{\376\377\000M\000e\000m\000b\000e\000r\000\040\000F\000u\000n\000c\000t\000i\000o\000n\000\040\000D\000o\000c\000u\000m\000e\000n\000t\000a\000t\000i\000o\000n}{section.6.6}
\BOOKMARK [3][-]{subsubsection.6.6.3.1}{\376\377\000t\000i\000c\000k}{subsection.6.6.3}
\BOOKMARK [1][-]{section.6.7}{\376\377\000e\000c\000o\000:\000:\000C\000o\000n\000t\000a\000i\000n\000e\000r\000\040\000C\000l\000a\000s\000s\000\040\000R\000e\000f\000e\000r\000e\000n\000c\000e}{chapter.6}
\BOOKMARK [2][-]{subsection.6.7.1}{\376\377\000D\000e\000t\000a\000i\000l\000e\000d\000\040\000D\000e\000s\000c\000r\000i\000p\000t\000i\000o\000n}{section.6.7}
\BOOKMARK [2][-]{subsection.6.7.2}{\376\377\000M\000e\000m\000b\000e\000r\000\040\000F\000u\000n\000c\000t\000i\000o\000n\000\040\000D\000o\000c\000u\000m\000e\000n\000t\000a\000t\000i\000o\000n}{section.6.7}
\BOOKMARK [3][-]{subsubsection.6.7.2.1}{\376\377\000i\000s\000\137\000f\000u\000l\000l}{subsection.6.7.2}
\BOOKMARK [1][-]{section.6.8}{\376\377\000C\000o\000n\000t\000r\000o\000l\000l\000e\000r\000\040\000C\000l\000a\000s\000s\000\040\000R\000e\000f\000e\000r\000e\000n\000c\000e}{chapter.6}
\BOOKMARK [2][-]{subsection.6.8.1}{\376\377\000D\000e\000t\000a\000i\000l\000e\000d\000\040\000D\000e\000s\000c\000r\000i\000p\000t\000i\000o\000n}{section.6.8}
\BOOKMARK [2][-]{subsection.6.8.2}{\376\377\000M\000e\000m\000b\000e\000r\000\040\000F\000u\000n\000c\000t\000i\000o\000n\000\040\000D\000o\000c\000u\000m\000e\000n\000t\000a\000t\000i\000o\000n}{section.6.8}
\BOOKMARK [3][-]{subsubsection.6.8.2.1}{\376\377\000c\000h\000e\000c\000k}{subsection.6.8.2}
\BOOKMARK [1][-]{section.6.9}{\376\377\000D\000a\000t\000e\000O\000f\000B\000i\000r\000t\000h\000\040\000C\000l\000a\000s\000s\000\040\000R\000e\000f\000e\000r\000e\000n\000c\000e}{chapter.6}
\BOOKMARK [2][-]{subsection.6.9.1}{\376\377\000D\000e\000t\000a\000i\000l\000e\000d\000\040\000D\000e\000s\000c\000r\000i\000p\000t\000i\000o\000n}{section.6.9}
\BOOKMARK [2][-]{subsection.6.9.2}{\376\377\000C\000o\000n\000s\000t\000r\000u\000c\000t\000o\000r\000\040\000\046\000\040\000D\000e\000s\000t\000r\000u\000c\000t\000o\000r\000\040\000D\000o\000c\000u\000m\000e\000n\000t\000a\000t\000i\000o\000n}{section.6.9}
\BOOKMARK [3][-]{subsubsection.6.9.2.1}{\376\377\000D\000a\000t\000e\000O\000f\000B\000i\000r\000t\000h}{subsection.6.9.2}
\BOOKMARK [3][-]{subsubsection.6.9.2.2}{\376\377\000D\000a\000t\000e\000O\000f\000B\000i\000r\000t\000h}{subsection.6.9.2}
\BOOKMARK [2][-]{subsection.6.9.3}{\376\377\000M\000e\000m\000b\000e\000r\000\040\000D\000a\000t\000a\000\040\000D\000o\000c\000u\000m\000e\000n\000t\000a\000t\000i\000o\000n}{section.6.9}
\BOOKMARK [3][-]{subsubsection.6.9.3.1}{\376\377\000m\000\137\000a\000b\000s\000o\000l\000u\000t\000e}{subsection.6.9.3}
\BOOKMARK [3][-]{subsubsection.6.9.3.2}{\376\377\000m\000\137\000r\000e\000l\000a\000t\000i\000v\000e}{subsection.6.9.3}
\BOOKMARK [1][-]{section.6.10}{\376\377\000S\000u\000b\000s\000y\000s\000t\000e\000m\000C\000o\000n\000t\000a\000i\000n\000e\000r\000:\000:\000e\000a\000t\000\040\000S\000t\000r\000u\000c\000t\000\040\000R\000e\000f\000e\000r\000e\000n\000c\000e}{chapter.6}
\BOOKMARK [2][-]{subsection.6.10.1}{\376\377\000D\000e\000t\000a\000i\000l\000e\000d\000\040\000D\000e\000s\000c\000r\000i\000p\000t\000i\000o\000n}{section.6.10}
\BOOKMARK [1][-]{section.6.11}{\376\377\000E\000c\000o\000s\000y\000s\000t\000e\000m\000C\000o\000n\000t\000a\000i\000n\000e\000r\000\040\000C\000l\000a\000s\000s\000\040\000R\000e\000f\000e\000r\000e\000n\000c\000e}{chapter.6}
\BOOKMARK [2][-]{subsection.6.11.1}{\376\377\000D\000e\000t\000a\000i\000l\000e\000d\000\040\000D\000e\000s\000c\000r\000i\000p\000t\000i\000o\000n}{section.6.11}
\BOOKMARK [2][-]{subsection.6.11.2}{\376\377\000M\000e\000m\000b\000e\000r\000\040\000T\000y\000p\000e\000d\000e\000f\000\040\000D\000o\000c\000u\000m\000e\000n\000t\000a\000t\000i\000o\000n}{section.6.11}
\BOOKMARK [3][-]{subsubsection.6.11.2.1}{\376\377\000e\000c\000o\000s\000y\000s\000\137\000t\000y\000p\000e}{subsection.6.11.2}
\BOOKMARK [2][-]{subsection.6.11.3}{\376\377\000M\000e\000m\000b\000e\000r\000\040\000F\000u\000n\000c\000t\000i\000o\000n\000\040\000D\000o\000c\000u\000m\000e\000n\000t\000a\000t\000i\000o\000n}{section.6.11}
\BOOKMARK [3][-]{subsubsection.6.11.3.1}{\376\377\000d\000r\000a\000w\000\137\000e\000v\000o\000l\000v}{subsection.6.11.3}
\BOOKMARK [3][-]{subsubsection.6.11.3.2}{\376\377\000d\000r\000a\000w\000\137\000e\000v\000o\000l\000v\000\137\000f\000a\000s\000t}{subsection.6.11.3}
\BOOKMARK [3][-]{subsubsection.6.11.3.3}{\376\377\000e\000v\000o\000l\000v}{subsection.6.11.3}
\BOOKMARK [3][-]{subsubsection.6.11.3.4}{\376\377\000e\000v\000o\000l\000v}{subsection.6.11.3}
\BOOKMARK [3][-]{subsubsection.6.11.3.5}{\376\377\000e\000v\000o\000l\000v}{subsection.6.11.3}
\BOOKMARK [3][-]{subsubsection.6.11.3.6}{\376\377\000F\000i\000l\000l\000R\000a\000n\000d\000o\000m}{subsection.6.11.3}
\BOOKMARK [3][-]{subsubsection.6.11.3.7}{\376\377\000i\000n\000i\000t\000i\000a\000l\000i\000z\000e}{subsection.6.11.3}
\BOOKMARK [3][-]{subsubsection.6.11.3.8}{\376\377\000i\000n\000i\000t\000i\000a\000l\000i\000z\000e}{subsection.6.11.3}
\BOOKMARK [3][-]{subsubsection.6.11.3.9}{\376\377\000i\000n\000s\000e\000r\000t}{subsection.6.11.3}
\BOOKMARK [3][-]{subsubsection.6.11.3.10}{\376\377\000i\000n\000s\000e\000r\000t}{subsection.6.11.3}
\BOOKMARK [3][-]{subsubsection.6.11.3.11}{\376\377\000i\000s\000\137\000f\000u\000l\000l}{subsection.6.11.3}
\BOOKMARK [3][-]{subsubsection.6.11.3.12}{\376\377\000m\000\137\000b\000o\000u\000n\000d\000\137\000t\000r\000a\000n\000s\000l\000a\000t\000o\000r}{subsection.6.11.3}
\BOOKMARK [3][-]{subsubsection.6.11.3.13}{\376\377\000m\000\137\000d\000e\000a\000d}{subsection.6.11.3}
\BOOKMARK [3][-]{subsubsection.6.11.3.14}{\376\377\000m\000\137\000d\000e\000a\000d}{subsection.6.11.3}
\BOOKMARK [3][-]{subsubsection.6.11.3.15}{\376\377\000m\000\137\000d\000e\000a\000d}{subsection.6.11.3}
\BOOKMARK [3][-]{subsubsection.6.11.3.16}{\376\377\000m\000\137\000d\000e\000a\000d}{subsection.6.11.3}
\BOOKMARK [3][-]{subsubsection.6.11.3.17}{\376\377\000m\000\137\000d\000e\000a\000d}{subsection.6.11.3}
\BOOKMARK [3][-]{subsubsection.6.11.3.18}{\376\377\000m\000\137\000d\000e\000a\000d}{subsection.6.11.3}
\BOOKMARK [3][-]{subsubsection.6.11.3.19}{\376\377\000m\000\137\000m\000i\000g\000r\000a\000t\000e}{subsection.6.11.3}
\BOOKMARK [3][-]{subsubsection.6.11.3.20}{\376\377\000m\000\137\000m\000i\000g\000r\000a\000t\000e}{subsection.6.11.3}
\BOOKMARK [3][-]{subsubsection.6.11.3.21}{\376\377\000m\000\137\000n\000e\000w\000b\000o\000r\000n}{subsection.6.11.3}
\BOOKMARK [3][-]{subsubsection.6.11.3.22}{\376\377\000m\000\137\000n\000e\000w\000b\000o\000r\000n}{subsection.6.11.3}
\BOOKMARK [3][-]{subsubsection.6.11.3.23}{\376\377\000m\000\137\000r\000a\000n\000d\000\137\000i\000n\000t}{subsection.6.11.3}
\BOOKMARK [3][-]{subsubsection.6.11.3.24}{\376\377\000m\000\137\000w\000h\000e\000r\000e\000\137\000t\000o\000\137\000m\000o\000v\000e}{subsection.6.11.3}
\BOOKMARK [3][-]{subsubsection.6.11.3.25}{\376\377\000s\000p\000e\000c\000i\000e\000d\000\137\000p\000o\000p\000u\000l\000a\000t\000i\000o\000n}{subsection.6.11.3}
\BOOKMARK [3][-]{subsubsection.6.11.3.26}{\376\377\000s\000t\000e\000p}{subsection.6.11.3}
\BOOKMARK [3][-]{subsubsection.6.11.3.27}{\376\377\000s\000t\000e\000p}{subsection.6.11.3}
\BOOKMARK [3][-]{subsubsection.6.11.3.28}{\376\377\000s\000u\000b\000s\000y\000s\000t\000e\000m}{subsection.6.11.3}
\BOOKMARK [3][-]{subsubsection.6.11.3.29}{\376\377\000s\000u\000b\000s\000y\000s\000t\000e\000m}{subsection.6.11.3}
\BOOKMARK [2][-]{subsection.6.11.4}{\376\377\000M\000e\000m\000b\000e\000r\000\040\000D\000a\000t\000a\000\040\000D\000o\000c\000u\000m\000e\000n\000t\000a\000t\000i\000o\000n}{section.6.11}
\BOOKMARK [3][-]{subsubsection.6.11.4.1}{\376\377\000m\000\137\000e\000c\000o\000s\000y\000s\000t\000e\000m}{subsection.6.11.4}
\BOOKMARK [3][-]{subsubsection.6.11.4.2}{\376\377\000m\000\137\000l\000a\000s\000t\000\137\000e\000x\000i\000s\000t\000a\000n\000c\000e\000\137\000i\000d}{subsection.6.11.4}
\BOOKMARK [3][-]{subsubsection.6.11.4.3}{\376\377\000m\000\137\000s\000p\000e\000c\000i\000e\000s\000\137\000c\000o\000n\000t\000r\000o\000l\000l\000e\000r}{subsection.6.11.4}
\BOOKMARK [1][-]{section.6.12}{\376\377\000E\000x\000i\000s\000t\000a\000n\000c\000e\000\040\000C\000l\000a\000s\000s\000\040\000R\000e\000f\000e\000r\000e\000n\000c\000e}{chapter.6}
\BOOKMARK [2][-]{subsection.6.12.1}{\376\377\000D\000e\000t\000a\000i\000l\000e\000d\000\040\000D\000e\000s\000c\000r\000i\000p\000t\000i\000o\000n}{section.6.12}
\BOOKMARK [2][-]{subsection.6.12.2}{\376\377\000M\000e\000m\000b\000e\000r\000\040\000T\000y\000p\000e\000d\000e\000f\000\040\000D\000o\000c\000u\000m\000e\000n\000t\000a\000t\000i\000o\000n}{section.6.12}
\BOOKMARK [3][-]{subsubsection.6.12.2.1}{\376\377\000i\000d\000\137\000t\000y\000p\000e}{subsection.6.12.2}
\BOOKMARK [2][-]{subsection.6.12.3}{\376\377\000M\000e\000m\000b\000e\000r\000\040\000F\000u\000n\000c\000t\000i\000o\000n\000\040\000D\000o\000c\000u\000m\000e\000n\000t\000a\000t\000i\000o\000n}{section.6.12}
\BOOKMARK [3][-]{subsubsection.6.12.3.1}{\376\377\000b\000i\000r\000t\000h\000\137\000d\000a\000t\000e}{subsection.6.12.3}
\BOOKMARK [3][-]{subsubsection.6.12.3.2}{\376\377\000i\000d\000\137\000n\000u\000m\000b\000e\000r}{subsection.6.12.3}
\BOOKMARK [3][-]{subsubsection.6.12.3.3}{\376\377\000i\000s\000\137\000a\000l\000i\000v\000e}{subsection.6.12.3}
\BOOKMARK [2][-]{subsection.6.12.4}{\376\377\000M\000e\000m\000b\000e\000r\000\040\000D\000a\000t\000a\000\040\000D\000o\000c\000u\000m\000e\000n\000t\000a\000t\000i\000o\000n}{section.6.12}
\BOOKMARK [3][-]{subsubsection.6.12.4.1}{\376\377\000m\000\137\000b\000i\000r\000t\000h\000\137\000d\000a\000t\000e}{subsection.6.12.4}
\BOOKMARK [3][-]{subsubsection.6.12.4.2}{\376\377\000m\000\137\000i\000d\000\137\000n\000u\000m\000b\000e\000r}{subsection.6.12.4}
\BOOKMARK [1][-]{section.6.13}{\376\377\000G\000e\000n\000d\000e\000r\000\040\000C\000l\000a\000s\000s\000\040\000R\000e\000f\000e\000r\000e\000n\000c\000e}{chapter.6}
\BOOKMARK [2][-]{subsection.6.13.1}{\376\377\000D\000e\000t\000a\000i\000l\000e\000d\000\040\000D\000e\000s\000c\000r\000i\000p\000t\000i\000o\000n}{section.6.13}
\BOOKMARK [2][-]{subsection.6.13.2}{\376\377\000C\000o\000n\000s\000t\000r\000u\000c\000t\000o\000r\000\040\000\046\000\040\000D\000e\000s\000t\000r\000u\000c\000t\000o\000r\000\040\000D\000o\000c\000u\000m\000e\000n\000t\000a\000t\000i\000o\000n}{section.6.13}
\BOOKMARK [3][-]{subsubsection.6.13.2.1}{\376\377\000G\000e\000n\000d\000e\000r}{subsection.6.13.2}
\BOOKMARK [3][-]{subsubsection.6.13.2.2}{\376\377\000G\000e\000n\000d\000e\000r}{subsection.6.13.2}
\BOOKMARK [2][-]{subsection.6.13.3}{\376\377\000M\000e\000m\000b\000e\000r\000\040\000F\000u\000n\000c\000t\000i\000o\000n\000\040\000D\000o\000c\000u\000m\000e\000n\000t\000a\000t\000i\000o\000n}{section.6.13}
\BOOKMARK [3][-]{subsubsection.6.13.3.1}{\376\377\000c\000h\000a\000n\000g\000e\000\137\000g\000e\000n\000d\000e\000r}{subsection.6.13.3}
\BOOKMARK [3][-]{subsubsection.6.13.3.2}{\376\377\000c\000h\000a\000n\000g\000e\000\137\000g\000e\000n\000d\000e\000r}{subsection.6.13.3}
\BOOKMARK [3][-]{subsubsection.6.13.3.3}{\376\377\000n\000u\000m\000e\000r\000i\000c\000a\000l\000\137\000g\000e\000n\000d\000e\000r}{subsection.6.13.3}
\BOOKMARK [2][-]{subsection.6.13.4}{\376\377\000F\000r\000i\000e\000n\000d\000s\000\040\000A\000n\000d\000\040\000R\000e\000l\000a\000t\000e\000d\000\040\000F\000u\000n\000c\000t\000i\000o\000n\000\040\000D\000o\000c\000u\000m\000e\000n\000t\000a\000t\000i\000o\000n}{section.6.13}
\BOOKMARK [3][-]{subsubsection.6.13.4.1}{\376\377\000o\000p\000e\000r\000a\000t\000o\000r\000<\000<}{subsection.6.13.4}
\BOOKMARK [1][-]{section.6.14}{\376\377\000G\000r\000a\000f\000i\000c\000o\000\040\000C\000l\000a\000s\000s\000\040\000R\000e\000f\000e\000r\000e\000n\000c\000e}{chapter.6}
\BOOKMARK [2][-]{subsection.6.14.1}{\376\377\000D\000e\000t\000a\000i\000l\000e\000d\000\040\000D\000e\000s\000c\000r\000i\000p\000t\000i\000o\000n}{section.6.14}
\BOOKMARK [1][-]{section.6.15}{\376\377\000S\000u\000b\000s\000y\000s\000t\000e\000m\000C\000o\000n\000t\000a\000i\000n\000e\000r\000:\000:\000i\000d\000\040\000S\000t\000r\000u\000c\000t\000\040\000R\000e\000f\000e\000r\000e\000n\000c\000e}{chapter.6}
\BOOKMARK [2][-]{subsection.6.15.1}{\376\377\000D\000e\000t\000a\000i\000l\000e\000d\000\040\000D\000e\000s\000c\000r\000i\000p\000t\000i\000o\000n}{section.6.15}
\BOOKMARK [1][-]{section.6.16}{\376\377\000I\000n\000d\000i\000v\000i\000d\000u\000a\000l\000A\000n\000i\000m\000a\000l\000\040\000C\000l\000a\000s\000s\000\040\000R\000e\000f\000e\000r\000e\000n\000c\000e}{chapter.6}
\BOOKMARK [2][-]{subsection.6.16.1}{\376\377\000D\000e\000t\000a\000i\000l\000e\000d\000\040\000D\000e\000s\000c\000r\000i\000p\000t\000i\000o\000n}{section.6.16}
\BOOKMARK [2][-]{subsection.6.16.2}{\376\377\000C\000o\000n\000s\000t\000r\000u\000c\000t\000o\000r\000\040\000\046\000\040\000D\000e\000s\000t\000r\000u\000c\000t\000o\000r\000\040\000D\000o\000c\000u\000m\000e\000n\000t\000a\000t\000i\000o\000n}{section.6.16}
\BOOKMARK [3][-]{subsubsection.6.16.2.1}{\376\377\000I\000n\000d\000i\000v\000i\000d\000u\000a\000l\000A\000n\000i\000m\000a\000l}{subsection.6.16.2}
\BOOKMARK [3][-]{subsubsection.6.16.2.2}{\376\377\000I\000n\000d\000i\000v\000i\000d\000u\000a\000l\000A\000n\000i\000m\000a\000l}{subsection.6.16.2}
\BOOKMARK [2][-]{subsection.6.16.3}{\376\377\000F\000r\000i\000e\000n\000d\000s\000\040\000A\000n\000d\000\040\000R\000e\000l\000a\000t\000e\000d\000\040\000F\000u\000n\000c\000t\000i\000o\000n\000\040\000D\000o\000c\000u\000m\000e\000n\000t\000a\000t\000i\000o\000n}{section.6.16}
\BOOKMARK [3][-]{subsubsection.6.16.3.1}{\376\377\000o\000p\000e\000r\000a\000t\000o\000r\000<\000<}{subsection.6.16.3}
\BOOKMARK [2][-]{subsection.6.16.4}{\376\377\000M\000e\000m\000b\000e\000r\000\040\000D\000a\000t\000a\000\040\000D\000o\000c\000u\000m\000e\000n\000t\000a\000t\000i\000o\000n}{section.6.16}
\BOOKMARK [3][-]{subsubsection.6.16.4.1}{\376\377\000m\000\137\000a\000p\000p\000e\000t\000i\000t\000e}{subsection.6.16.4}
\BOOKMARK [3][-]{subsubsection.6.16.4.2}{\376\377\000m\000\137\000l\000i\000b\000i\000d\000o}{subsection.6.16.4}
\BOOKMARK [1][-]{section.6.17}{\376\377\000I\000n\000d\000i\000v\000i\000d\000u\000a\000l\000V\000e\000g\000e\000t\000a\000b\000l\000e\000\040\000C\000l\000a\000s\000s\000\040\000R\000e\000f\000e\000r\000e\000n\000c\000e}{chapter.6}
\BOOKMARK [2][-]{subsection.6.17.1}{\376\377\000D\000e\000t\000a\000i\000l\000e\000d\000\040\000D\000e\000s\000c\000r\000i\000p\000t\000i\000o\000n}{section.6.17}
\BOOKMARK [2][-]{subsection.6.17.2}{\376\377\000F\000r\000i\000e\000n\000d\000s\000\040\000A\000n\000d\000\040\000R\000e\000l\000a\000t\000e\000d\000\040\000F\000u\000n\000c\000t\000i\000o\000n\000\040\000D\000o\000c\000u\000m\000e\000n\000t\000a\000t\000i\000o\000n}{section.6.17}
\BOOKMARK [3][-]{subsubsection.6.17.2.1}{\376\377\000o\000p\000e\000r\000a\000t\000o\000r\000<\000<}{subsection.6.17.2}
\BOOKMARK [1][-]{section.6.18}{\376\377\000L\000i\000k\000e\000\040\000S\000t\000r\000u\000c\000t\000\040\000R\000e\000f\000e\000r\000e\000n\000c\000e}{chapter.6}
\BOOKMARK [2][-]{subsection.6.18.1}{\376\377\000D\000e\000t\000a\000i\000l\000e\000d\000\040\000D\000e\000s\000c\000r\000i\000p\000t\000i\000o\000n}{section.6.18}
\BOOKMARK [2][-]{subsection.6.18.2}{\376\377\000C\000o\000n\000s\000t\000r\000u\000c\000t\000o\000r\000\040\000\046\000\040\000D\000e\000s\000t\000r\000u\000c\000t\000o\000r\000\040\000D\000o\000c\000u\000m\000e\000n\000t\000a\000t\000i\000o\000n}{section.6.18}
\BOOKMARK [3][-]{subsubsection.6.18.2.1}{\376\377\000L\000i\000k\000e}{subsection.6.18.2}
\BOOKMARK [2][-]{subsection.6.18.3}{\376\377\000M\000e\000m\000b\000e\000r\000\040\000F\000u\000n\000c\000t\000i\000o\000n\000\040\000D\000o\000c\000u\000m\000e\000n\000t\000a\000t\000i\000o\000n}{section.6.18}
\BOOKMARK [3][-]{subsubsection.6.18.3.1}{\376\377\000i\000s\000\137\000f\000u\000l\000l}{subsection.6.18.3}
\BOOKMARK [2][-]{subsection.6.18.4}{\376\377\000M\000e\000m\000b\000e\000r\000\040\000D\000a\000t\000a\000\040\000D\000o\000c\000u\000m\000e\000n\000t\000a\000t\000i\000o\000n}{section.6.18}
\BOOKMARK [3][-]{subsubsection.6.18.4.1}{\376\377\000l\000i\000k\000e\000\137\000f\000a\000c\000t\000o\000r}{subsection.6.18.4}
\BOOKMARK [1][-]{section.6.19}{\376\377\000L\000i\000k\000e\000F\000a\000c\000t\000o\000r\000C\000m\000p\000\040\000S\000t\000r\000u\000c\000t\000\040\000R\000e\000f\000e\000r\000e\000n\000c\000e}{chapter.6}
\BOOKMARK [2][-]{subsection.6.19.1}{\376\377\000D\000e\000t\000a\000i\000l\000e\000d\000\040\000D\000e\000s\000c\000r\000i\000p\000t\000i\000o\000n}{section.6.19}
\BOOKMARK [1][-]{section.6.20}{\376\377\000L\000i\000k\000e\000R\000e\000f\000C\000m\000p\000\040\000S\000t\000r\000u\000c\000t\000\040\000R\000e\000f\000e\000r\000e\000n\000c\000e}{chapter.6}
\BOOKMARK [2][-]{subsection.6.20.1}{\376\377\000D\000e\000t\000a\000i\000l\000e\000d\000\040\000D\000e\000s\000c\000r\000i\000p\000t\000i\000o\000n}{section.6.20}
\BOOKMARK [1][-]{section.6.21}{\376\377\000P\000o\000p\000u\000l\000a\000t\000i\000o\000n\000V\000a\000r\000i\000a\000t\000i\000o\000n\000\040\000S\000t\000r\000u\000c\000t\000\040\000R\000e\000f\000e\000r\000e\000n\000c\000e}{chapter.6}
\BOOKMARK [2][-]{subsection.6.21.1}{\376\377\000D\000e\000t\000a\000i\000l\000e\000d\000\040\000D\000e\000s\000c\000r\000i\000p\000t\000i\000o\000n}{section.6.21}
\BOOKMARK [2][-]{subsection.6.21.2}{\376\377\000M\000e\000m\000b\000e\000r\000\040\000D\000a\000t\000a\000\040\000D\000o\000c\000u\000m\000e\000n\000t\000a\000t\000i\000o\000n}{section.6.21}
\BOOKMARK [3][-]{subsubsection.6.21.2.1}{\376\377\000v\000a\000r\000i\000a\000t\000i\000o\000n}{subsection.6.21.2}
\BOOKMARK [1][-]{section.6.22}{\376\377\000S\000u\000b\000s\000y\000s\000t\000e\000m\000C\000o\000n\000t\000a\000i\000n\000e\000r\000:\000:\000r\000e\000p\000r\000o\000d\000u\000c\000t\000i\000o\000n\000\040\000S\000t\000r\000u\000c\000t\000\040\000R\000e\000f\000e\000r\000e\000n\000c\000e}{chapter.6}
\BOOKMARK [2][-]{subsection.6.22.1}{\376\377\000D\000e\000t\000a\000i\000l\000e\000d\000\040\000D\000e\000s\000c\000r\000i\000p\000t\000i\000o\000n}{section.6.22}
\BOOKMARK [1][-]{section.6.23}{\376\377\000S\000u\000b\000s\000y\000s\000t\000e\000m\000C\000o\000n\000t\000a\000i\000n\000e\000r\000:\000:\000s\000p\000e\000c\000\137\000i\000d\000\040\000S\000t\000r\000u\000c\000t\000\040\000R\000e\000f\000e\000r\000e\000n\000c\000e}{chapter.6}
\BOOKMARK [2][-]{subsection.6.23.1}{\376\377\000D\000e\000t\000a\000i\000l\000e\000d\000\040\000D\000e\000s\000c\000r\000i\000p\000t\000i\000o\000n}{section.6.23}
\BOOKMARK [1][-]{section.6.24}{\376\377\000S\000p\000e\000c\000i\000e\000d\000\040\000C\000l\000a\000s\000s\000\040\000R\000e\000f\000e\000r\000e\000n\000c\000e}{chapter.6}
\BOOKMARK [2][-]{subsection.6.24.1}{\376\377\000D\000e\000t\000a\000i\000l\000e\000d\000\040\000D\000e\000s\000c\000r\000i\000p\000t\000i\000o\000n}{section.6.24}
\BOOKMARK [2][-]{subsection.6.24.2}{\376\377\000C\000o\000n\000s\000t\000r\000u\000c\000t\000o\000r\000\040\000\046\000\040\000D\000e\000s\000t\000r\000u\000c\000t\000o\000r\000\040\000D\000o\000c\000u\000m\000e\000n\000t\000a\000t\000i\000o\000n}{section.6.24}
\BOOKMARK [3][-]{subsubsection.6.24.2.1}{\376\377\000S\000p\000e\000c\000i\000e\000d}{subsection.6.24.2}
\BOOKMARK [3][-]{subsubsection.6.24.2.2}{\376\377\000S\000p\000e\000c\000i\000e\000d}{subsection.6.24.2}
\BOOKMARK [2][-]{subsection.6.24.3}{\376\377\000M\000e\000m\000b\000e\000r\000\040\000F\000u\000n\000c\000t\000i\000o\000n\000\040\000D\000o\000c\000u\000m\000e\000n\000t\000a\000t\000i\000o\000n}{section.6.24}
\BOOKMARK [3][-]{subsubsection.6.24.3.1}{\376\377\000c\000a\000l\000o\000r\000i\000e}{subsection.6.24.3}
\BOOKMARK [3][-]{subsubsection.6.24.3.2}{\376\377\000h\000e\000a\000l\000t\000h\000\137\000s\000t\000a\000t\000u\000s}{subsection.6.24.3}
\BOOKMARK [3][-]{subsubsection.6.24.3.3}{\376\377\000i\000s\000\137\000a\000l\000i\000v\000e}{subsection.6.24.3}
\BOOKMARK [3][-]{subsubsection.6.24.3.4}{\376\377\000l\000i\000f\000e\000\137\000c\000o\000a\000s\000t}{subsection.6.24.3}
\BOOKMARK [3][-]{subsubsection.6.24.3.5}{\376\377\000l\000i\000f\000e\000\137\000s\000p\000a\000c\000e}{subsection.6.24.3}
\BOOKMARK [3][-]{subsubsection.6.24.3.6}{\376\377\000s\000p\000e\000c\000i\000e\000s\000\137\000i\000d}{subsection.6.24.3}
\BOOKMARK [3][-]{subsubsection.6.24.3.7}{\376\377\000s\000p\000e\000c\000i\000e\000s\000\137\000n\000a\000m\000e}{subsection.6.24.3}
\BOOKMARK [2][-]{subsection.6.24.4}{\376\377\000M\000e\000m\000b\000e\000r\000\040\000D\000a\000t\000a\000\040\000D\000o\000c\000u\000m\000e\000n\000t\000a\000t\000i\000o\000n}{section.6.24}
\BOOKMARK [3][-]{subsubsection.6.24.4.1}{\376\377\000m\000\137\000c\000a\000l\000o\000r\000i\000e}{subsection.6.24.4}
\BOOKMARK [3][-]{subsubsection.6.24.4.2}{\376\377\000m\000\137\000h\000e\000a\000l\000t\000h\000\137\000s\000t\000a\000t\000u\000s}{subsection.6.24.4}
\BOOKMARK [3][-]{subsubsection.6.24.4.3}{\376\377\000m\000\137\000l\000i\000f\000e\000\137\000c\000o\000a\000s\000t}{subsection.6.24.4}
\BOOKMARK [3][-]{subsubsection.6.24.4.4}{\376\377\000m\000\137\000l\000i\000f\000e\000\137\000s\000p\000a\000c\000e}{subsection.6.24.4}
\BOOKMARK [3][-]{subsubsection.6.24.4.5}{\376\377\000m\000\137\000s\000p\000e\000c\000i\000e\000s\000\137\000i\000d}{subsection.6.24.4}
\BOOKMARK [3][-]{subsubsection.6.24.4.6}{\376\377\000m\000\137\000s\000p\000e\000c\000i\000e\000s\000\137\000n\000a\000m\000e}{subsection.6.24.4}
\BOOKMARK [1][-]{section.6.25}{\376\377\000S\000p\000e\000c\000i\000e\000s\000C\000o\000n\000t\000r\000o\000l\000l\000e\000r\000\040\000C\000l\000a\000s\000s\000\040\000R\000e\000f\000e\000r\000e\000n\000c\000e}{chapter.6}
\BOOKMARK [2][-]{subsection.6.25.1}{\376\377\000D\000e\000t\000a\000i\000l\000e\000d\000\040\000D\000e\000s\000c\000r\000i\000p\000t\000i\000o\000n}{section.6.25}
\BOOKMARK [2][-]{subsection.6.25.2}{\376\377\000M\000e\000m\000b\000e\000r\000\040\000T\000y\000p\000e\000d\000e\000f\000\040\000D\000o\000c\000u\000m\000e\000n\000t\000a\000t\000i\000o\000n}{section.6.25}
\BOOKMARK [3][-]{subsubsection.6.25.2.1}{\376\377\000i\000n\000f\000o\000s\000\137\000c\000o\000n\000s\000t\000\137\000i\000t}{subsection.6.25.2}
\BOOKMARK [3][-]{subsubsection.6.25.2.2}{\376\377\000i\000n\000f\000o\000s\000\137\000i\000t}{subsection.6.25.2}
\BOOKMARK [3][-]{subsubsection.6.25.2.3}{\376\377\000i\000n\000f\000o\000s\000\137\000t\000p}{subsection.6.25.2}
\BOOKMARK [2][-]{subsection.6.25.3}{\376\377\000C\000o\000n\000s\000t\000r\000u\000c\000t\000o\000r\000\040\000\046\000\040\000D\000e\000s\000t\000r\000u\000c\000t\000o\000r\000\040\000D\000o\000c\000u\000m\000e\000n\000t\000a\000t\000i\000o\000n}{section.6.25}
\BOOKMARK [3][-]{subsubsection.6.25.3.1}{\376\377\000S\000p\000e\000c\000i\000e\000s\000C\000o\000n\000t\000r\000o\000l\000l\000e\000r}{subsection.6.25.3}
\BOOKMARK [2][-]{subsection.6.25.4}{\376\377\000M\000e\000m\000b\000e\000r\000\040\000F\000u\000n\000c\000t\000i\000o\000n\000\040\000D\000o\000c\000u\000m\000e\000n\000t\000a\000t\000i\000o\000n}{section.6.25}
\BOOKMARK [3][-]{subsubsection.6.25.4.1}{\376\377\000c\000h\000e\000c\000k}{subsection.6.25.4}
\BOOKMARK [3][-]{subsubsection.6.25.4.2}{\376\377\000g\000e\000t\000\137\000i\000n\000f\000o}{subsection.6.25.4}
\BOOKMARK [3][-]{subsubsection.6.25.4.3}{\376\377\000g\000e\000t\000\137\000i\000n\000f\000o\000s}{subsection.6.25.4}
\BOOKMARK [3][-]{subsubsection.6.25.4.4}{\376\377\000g\000e\000t\000\137\000l\000i\000k\000e\000\137\000f\000a\000c\000t\000o\000r}{subsection.6.25.4}
\BOOKMARK [3][-]{subsubsection.6.25.4.5}{\376\377\000s\000t\000r\000i\000n\000g\000\137\000p\000a\000r\000s\000e\000r}{subsection.6.25.4}
\BOOKMARK [2][-]{subsection.6.25.5}{\376\377\000F\000r\000i\000e\000n\000d\000s\000\040\000A\000n\000d\000\040\000R\000e\000l\000a\000t\000e\000d\000\040\000F\000u\000n\000c\000t\000i\000o\000n\000\040\000D\000o\000c\000u\000m\000e\000n\000t\000a\000t\000i\000o\000n}{section.6.25}
\BOOKMARK [3][-]{subsubsection.6.25.5.1}{\376\377\000o\000p\000e\000r\000a\000t\000o\000r\000>\000>}{subsection.6.25.5}
\BOOKMARK [3][-]{subsubsection.6.25.5.2}{\376\377\000o\000p\000e\000r\000a\000t\000o\000r\000>\000>}{subsection.6.25.5}
\BOOKMARK [2][-]{subsection.6.25.6}{\376\377\000M\000e\000m\000b\000e\000r\000\040\000D\000a\000t\000a\000\040\000D\000o\000c\000u\000m\000e\000n\000t\000a\000t\000i\000o\000n}{section.6.25}
\BOOKMARK [3][-]{subsubsection.6.25.6.1}{\376\377\000m\000\137\000i\000n\000f\000o\000s}{subsection.6.25.6}
\BOOKMARK [1][-]{section.6.26}{\376\377\000S\000p\000e\000c\000i\000e\000s\000I\000n\000f\000o\000\040\000S\000t\000r\000u\000c\000t\000\040\000R\000e\000f\000e\000r\000e\000n\000c\000e}{chapter.6}
\BOOKMARK [2][-]{subsection.6.26.1}{\376\377\000D\000e\000t\000a\000i\000l\000e\000d\000\040\000D\000e\000s\000c\000r\000i\000p\000t\000i\000o\000n}{section.6.26}
\BOOKMARK [2][-]{subsection.6.26.2}{\376\377\000M\000e\000m\000b\000e\000r\000\040\000T\000y\000p\000e\000d\000e\000f\000\040\000D\000o\000c\000u\000m\000e\000n\000t\000a\000t\000i\000o\000n}{section.6.26}
\BOOKMARK [3][-]{subsubsection.6.26.2.1}{\376\377\000l\000i\000k\000i\000n\000g\000s\000\137\000b\000y\000\137\000l\000k\000\137\000f\000a\000c\000t\000o\000r\000\137\000t\000p}{subsection.6.26.2}
\BOOKMARK [2][-]{subsection.6.26.3}{\376\377\000M\000e\000m\000b\000e\000r\000\040\000F\000u\000n\000c\000t\000i\000o\000n\000\040\000D\000o\000c\000u\000m\000e\000n\000t\000a\000t\000i\000o\000n}{section.6.26}
\BOOKMARK [3][-]{subsubsection.6.26.3.1}{\376\377\000g\000e\000t\000\137\000i\000n\000f\000o\000\137\000s\000t\000r\000i\000n\000g}{subsection.6.26.3}
\BOOKMARK [3][-]{subsubsection.6.26.3.2}{\376\377\000g\000e\000t\000\137\000l\000i\000k\000e\000\137\000f\000a\000c\000t\000o\000r}{subsection.6.26.3}
\BOOKMARK [3][-]{subsubsection.6.26.3.3}{\376\377\000i\000n\000s\000e\000r\000t\000\137\000l\000i\000k\000e}{subsection.6.26.3}
\BOOKMARK [2][-]{subsection.6.26.4}{\376\377\000F\000r\000i\000e\000n\000d\000s\000\040\000A\000n\000d\000\040\000R\000e\000l\000a\000t\000e\000d\000\040\000F\000u\000n\000c\000t\000i\000o\000n\000\040\000D\000o\000c\000u\000m\000e\000n\000t\000a\000t\000i\000o\000n}{section.6.26}
\BOOKMARK [3][-]{subsubsection.6.26.4.1}{\376\377\000o\000p\000e\000r\000a\000t\000o\000r\000<\000<}{subsection.6.26.4}
\BOOKMARK [3][-]{subsubsection.6.26.4.2}{\376\377\000o\000p\000e\000r\000a\000t\000o\000r\000>\000>}{subsection.6.26.4}
\BOOKMARK [2][-]{subsection.6.26.5}{\376\377\000M\000e\000m\000b\000e\000r\000\040\000D\000a\000t\000a\000\040\000D\000o\000c\000u\000m\000e\000n\000t\000a\000t\000i\000o\000n}{section.6.26}
\BOOKMARK [3][-]{subsubsection.6.26.5.1}{\376\377\000c\000a\000l\000o\000r\000i\000e}{subsection.6.26.5}
\BOOKMARK [3][-]{subsubsection.6.26.5.2}{\376\377\000h\000e\000a\000l\000t\000h\000\137\000s\000t\000a\000t\000u\000s}{subsection.6.26.5}
\BOOKMARK [3][-]{subsubsection.6.26.5.3}{\376\377\000i\000s\000\137\000a\000n\000i\000m\000a\000l}{subsection.6.26.5}
\BOOKMARK [3][-]{subsubsection.6.26.5.4}{\376\377\000l\000i\000f\000e\000\137\000c\000o\000a\000s\000t}{subsection.6.26.5}
\BOOKMARK [3][-]{subsubsection.6.26.5.5}{\376\377\000l\000i\000f\000e\000\137\000s\000p\000a\000c\000e}{subsection.6.26.5}
\BOOKMARK [3][-]{subsubsection.6.26.5.6}{\376\377\000l\000i\000k\000i\000n\000g\000s}{subsection.6.26.5}
\BOOKMARK [3][-]{subsubsection.6.26.5.7}{\376\377\000l\000i\000k\000i\000n\000g\000s\000\137\000b\000y\000\137\000l\000k\000\137\000f\000a\000c\000t\000o\000r}{subsection.6.26.5}
\BOOKMARK [3][-]{subsubsection.6.26.5.8}{\376\377\000m\000\137\000t\000o\000t\000a\000l\000\137\000s\000p\000e\000c\000i\000e\000s\000\137\000n\000u\000m\000b\000e\000r}{subsection.6.26.5}
\BOOKMARK [3][-]{subsubsection.6.26.5.9}{\376\377\000s\000p\000e\000c\000i\000e\000s\000\137\000i\000d}{subsection.6.26.5}
\BOOKMARK [3][-]{subsubsection.6.26.5.10}{\376\377\000s\000p\000e\000c\000i\000e\000s\000\137\000n\000a\000m\000e}{subsection.6.26.5}
\BOOKMARK [1][-]{section.6.27}{\376\377\000S\000t\000e\000p\000L\000o\000g\000\040\000S\000t\000r\000u\000c\000t\000\040\000R\000e\000f\000e\000r\000e\000n\000c\000e}{chapter.6}
\BOOKMARK [2][-]{subsection.6.27.1}{\376\377\000D\000e\000t\000a\000i\000l\000e\000d\000\040\000D\000e\000s\000c\000r\000i\000p\000t\000i\000o\000n}{section.6.27}
\BOOKMARK [2][-]{subsection.6.27.2}{\376\377\000M\000e\000m\000b\000e\000r\000\040\000D\000a\000t\000a\000\040\000D\000o\000c\000u\000m\000e\000n\000t\000a\000t\000i\000o\000n}{section.6.27}
\BOOKMARK [3][-]{subsubsection.6.27.2.1}{\376\377\000v\000a\000r\000i\000a\000t\000i\000o\000n\000s}{subsection.6.27.2}
\BOOKMARK [1][-]{section.6.28}{\376\377\000S\000u\000b\000s\000y\000s\000t\000e\000m\000C\000o\000n\000t\000a\000i\000n\000e\000r\000\040\000C\000l\000a\000s\000s\000\040\000R\000e\000f\000e\000r\000e\000n\000c\000e}{chapter.6}
\BOOKMARK [2][-]{subsection.6.28.1}{\376\377\000D\000e\000t\000a\000i\000l\000e\000d\000\040\000D\000e\000s\000c\000r\000i\000p\000t\000i\000o\000n}{section.6.28}
\BOOKMARK [2][-]{subsection.6.28.2}{\376\377\000M\000e\000m\000b\000e\000r\000\040\000T\000y\000p\000e\000d\000e\000f\000\040\000D\000o\000c\000u\000m\000e\000n\000t\000a\000t\000i\000o\000n}{section.6.28}
\BOOKMARK [3][-]{subsubsection.6.28.2.1}{\376\377\000a\000n\000i\000m\000a\000l\000\137\000s\000e\000t}{subsection.6.28.2}
\BOOKMARK [3][-]{subsubsection.6.28.2.2}{\376\377\000s\000u\000b\000s\000y\000s\000t\000e\000m\000\137\000t\000p}{subsection.6.28.2}
\BOOKMARK [3][-]{subsubsection.6.28.2.3}{\376\377\000v\000e\000g\000e\000t\000a\000b\000l\000e\000\137\000s\000e\000t}{subsection.6.28.2}
\BOOKMARK [2][-]{subsection.6.28.3}{\376\377\000C\000o\000n\000s\000t\000r\000u\000c\000t\000o\000r\000\040\000\046\000\040\000D\000e\000s\000t\000r\000u\000c\000t\000o\000r\000\040\000D\000o\000c\000u\000m\000e\000n\000t\000a\000t\000i\000o\000n}{section.6.28}
\BOOKMARK [3][-]{subsubsection.6.28.3.1}{\376\377\000S\000u\000b\000s\000y\000s\000t\000e\000m\000C\000o\000n\000t\000a\000i\000n\000e\000r}{subsection.6.28.3}
\BOOKMARK [2][-]{subsection.6.28.4}{\376\377\000M\000e\000m\000b\000e\000r\000\040\000F\000u\000n\000c\000t\000i\000o\000n\000\040\000D\000o\000c\000u\000m\000e\000n\000t\000a\000t\000i\000o\000n}{section.6.28}
\BOOKMARK [3][-]{subsubsection.6.28.4.1}{\376\377\000c\000o\000u\000n\000t\000\137\000v\000i\000v\000e\000n\000t\000s}{subsection.6.28.4}
\BOOKMARK [3][-]{subsubsection.6.28.4.2}{\376\377\000c\000o\000u\000n\000t\000\137\000v\000i\000v\000e\000n\000t\000s}{subsection.6.28.4}
\BOOKMARK [3][-]{subsubsection.6.28.4.3}{\376\377\000f\000i\000n\000d\000\137\000a\000n\000i\000m\000a\000l}{subsection.6.28.4}
\BOOKMARK [3][-]{subsubsection.6.28.4.4}{\376\377\000f\000i\000n\000d\000\137\000v\000e\000g\000e\000t\000a\000b\000l\000e}{subsection.6.28.4}
\BOOKMARK [3][-]{subsubsection.6.28.4.5}{\376\377\000i\000n\000s\000e\000r\000t}{subsection.6.28.4}
\BOOKMARK [3][-]{subsubsection.6.28.4.6}{\376\377\000i\000s\000\137\000f\000u\000l\000l}{subsection.6.28.4}
\BOOKMARK [3][-]{subsubsection.6.28.4.7}{\376\377\000i\000s\000\137\000f\000u\000l\000l}{subsection.6.28.4}
\BOOKMARK [3][-]{subsubsection.6.28.4.8}{\376\377\000i\000s\000\137\000f\000u\000l\000l}{subsection.6.28.4}
\BOOKMARK [3][-]{subsubsection.6.28.4.9}{\376\377\000r\000e\000m\000o\000v\000e}{subsection.6.28.4}
\BOOKMARK [2][-]{subsection.6.28.5}{\376\377\000F\000r\000i\000e\000n\000d\000s\000\040\000A\000n\000d\000\040\000R\000e\000l\000a\000t\000e\000d\000\040\000F\000u\000n\000c\000t\000i\000o\000n\000\040\000D\000o\000c\000u\000m\000e\000n\000t\000a\000t\000i\000o\000n}{section.6.28}
\BOOKMARK [3][-]{subsubsection.6.28.5.1}{\376\377\000o\000p\000e\000r\000a\000t\000o\000r\000<\000<}{subsection.6.28.5}
\BOOKMARK [2][-]{subsection.6.28.6}{\376\377\000M\000e\000m\000b\000e\000r\000\040\000D\000a\000t\000a\000\040\000D\000o\000c\000u\000m\000e\000n\000t\000a\000t\000i\000o\000n}{section.6.28}
\BOOKMARK [3][-]{subsubsection.6.28.6.1}{\376\377\000m\000\137\000s\000u\000b\000\137\000e\000c\000o\000s\000y\000s\000t\000e\000m}{subsection.6.28.6}
\BOOKMARK [1][-]{section.6.29}{\376\377\000V\000e\000g\000e\000t\000a\000b\000l\000e\000\040\000C\000l\000a\000s\000s\000\040\000R\000e\000f\000e\000r\000e\000n\000c\000e}{chapter.6}
\BOOKMARK [2][-]{subsection.6.29.1}{\376\377\000D\000e\000t\000a\000i\000l\000e\000d\000\040\000D\000e\000s\000c\000r\000i\000p\000t\000i\000o\000n}{section.6.29}
\BOOKMARK [1][-]{section.6.30}{\376\377\000V\000i\000v\000e\000n\000t\000\040\000C\000l\000a\000s\000s\000\040\000R\000e\000f\000e\000r\000e\000n\000c\000e}{chapter.6}
\BOOKMARK [2][-]{subsection.6.30.1}{\376\377\000D\000e\000t\000a\000i\000l\000e\000d\000\040\000D\000e\000s\000c\000r\000i\000p\000t\000i\000o\000n}{section.6.30}
\BOOKMARK [2][-]{subsection.6.30.2}{\376\377\000C\000o\000n\000s\000t\000r\000u\000c\000t\000o\000r\000\040\000\046\000\040\000D\000e\000s\000t\000r\000u\000c\000t\000o\000r\000\040\000D\000o\000c\000u\000m\000e\000n\000t\000a\000t\000i\000o\000n}{section.6.30}
\BOOKMARK [3][-]{subsubsection.6.30.2.1}{\376\377\000V\000i\000v\000e\000n\000t}{subsection.6.30.2}
\BOOKMARK [3][-]{subsubsection.6.30.2.2}{\376\377\000V\000i\000v\000e\000n\000t}{subsection.6.30.2}
\BOOKMARK [2][-]{subsection.6.30.3}{\376\377\000M\000e\000m\000b\000e\000r\000\040\000F\000u\000n\000c\000t\000i\000o\000n\000\040\000D\000o\000c\000u\000m\000e\000n\000t\000a\000t\000i\000o\000n}{section.6.30}
\BOOKMARK [3][-]{subsubsection.6.30.3.1}{\376\377\000g\000e\000n\000d\000e\000r}{subsection.6.30.3}
\BOOKMARK [3][-]{subsubsection.6.30.3.2}{\376\377\000h\000p}{subsection.6.30.3}
\BOOKMARK [3][-]{subsubsection.6.30.3.3}{\376\377\000i\000s\000\137\000a\000l\000i\000v\000e}{subsection.6.30.3}
\BOOKMARK [2][-]{subsection.6.30.4}{\376\377\000M\000e\000m\000b\000e\000r\000\040\000D\000a\000t\000a\000\040\000D\000o\000c\000u\000m\000e\000n\000t\000a\000t\000i\000o\000n}{section.6.30}
\BOOKMARK [3][-]{subsubsection.6.30.4.1}{\376\377\000m\000\137\000g\000e\000n\000d\000e\000r}{subsection.6.30.4}
\BOOKMARK [3][-]{subsubsection.6.30.4.2}{\376\377\000m\000\137\000h\000p}{subsection.6.30.4}
\BOOKMARK [0][-]{chapter.7}{\376\377\000F\000i\000l\000e\000\040\000D\000o\000c\000u\000m\000e\000n\000t\000a\000t\000i\000o\000n}{}
\BOOKMARK [1][-]{section.7.1}{\376\377\000s\000o\000u\000r\000c\000e\000s\000/\000a\000n\000i\000m\000a\000l\000.\000c\000p\000p\000\040\000F\000i\000l\000e\000\040\000R\000e\000f\000e\000r\000e\000n\000c\000e}{chapter.7}
\BOOKMARK [2][-]{subsection.7.1.1}{\376\377\000D\000e\000t\000a\000i\000l\000e\000d\000\040\000D\000e\000s\000c\000r\000i\000p\000t\000i\000o\000n}{section.7.1}
\BOOKMARK [1][-]{section.7.2}{\376\377\000s\000o\000u\000r\000c\000e\000s\000/\000a\000n\000i\000m\000a\000l\000.\000h\000\040\000F\000i\000l\000e\000\040\000R\000e\000f\000e\000r\000e\000n\000c\000e}{chapter.7}
\BOOKMARK [2][-]{subsection.7.2.1}{\376\377\000D\000e\000t\000a\000i\000l\000e\000d\000\040\000D\000e\000s\000c\000r\000i\000p\000t\000i\000o\000n}{section.7.2}
\BOOKMARK [1][-]{section.7.3}{\376\377\000s\000o\000u\000r\000c\000e\000s\000/\000b\000e\000e\000i\000n\000g\000s\000.\000h\000\040\000F\000i\000l\000e\000\040\000R\000e\000f\000e\000r\000e\000n\000c\000e}{chapter.7}
\BOOKMARK [2][-]{subsection.7.3.1}{\376\377\000D\000e\000t\000a\000i\000l\000e\000d\000\040\000D\000e\000s\000c\000r\000i\000p\000t\000i\000o\000n}{section.7.3}
\BOOKMARK [1][-]{section.7.4}{\376\377\000s\000o\000u\000r\000c\000e\000s\000/\000c\000l\000a\000s\000s\000c\000o\000m\000p\000a\000r\000e\000s\000.\000h\000p\000p\000\040\000F\000i\000l\000e\000\040\000R\000e\000f\000e\000r\000e\000n\000c\000e}{chapter.7}
\BOOKMARK [2][-]{subsection.7.4.1}{\376\377\000D\000e\000t\000a\000i\000l\000e\000d\000\040\000D\000e\000s\000c\000r\000i\000p\000t\000i\000o\000n}{section.7.4}
\BOOKMARK [1][-]{section.7.5}{\376\377\000s\000o\000u\000r\000c\000e\000s\000/\000c\000o\000n\000t\000r\000o\000l\000l\000e\000r\000.\000h\000\040\000F\000i\000l\000e\000\040\000R\000e\000f\000e\000r\000e\000n\000c\000e}{chapter.7}
\BOOKMARK [2][-]{subsection.7.5.1}{\376\377\000D\000e\000t\000a\000i\000l\000e\000d\000\040\000D\000e\000s\000c\000r\000i\000p\000t\000i\000o\000n}{section.7.5}
\BOOKMARK [1][-]{section.7.6}{\376\377\000s\000o\000u\000r\000c\000e\000s\000/\000e\000c\000o\000s\000y\000s\000t\000e\000m\000.\000h\000\040\000F\000i\000l\000e\000\040\000R\000e\000f\000e\000r\000e\000n\000c\000e}{chapter.7}
\BOOKMARK [2][-]{subsection.7.6.1}{\376\377\000D\000e\000t\000a\000i\000l\000e\000d\000\040\000D\000e\000s\000c\000r\000i\000p\000t\000i\000o\000n}{section.7.6}
\BOOKMARK [1][-]{section.7.7}{\376\377\000s\000o\000u\000r\000c\000e\000s\000/\000e\000x\000i\000s\000t\000a\000n\000c\000e\000.\000c\000p\000p\000\040\000F\000i\000l\000e\000\040\000R\000e\000f\000e\000r\000e\000n\000c\000e}{chapter.7}
\BOOKMARK [2][-]{subsection.7.7.1}{\376\377\000D\000e\000t\000a\000i\000l\000e\000d\000\040\000D\000e\000s\000c\000r\000i\000p\000t\000i\000o\000n}{section.7.7}
\BOOKMARK [1][-]{section.7.8}{\376\377\000s\000o\000u\000r\000c\000e\000s\000/\000e\000x\000i\000s\000t\000a\000n\000c\000e\000.\000h\000\040\000F\000i\000l\000e\000\040\000R\000e\000f\000e\000r\000e\000n\000c\000e}{chapter.7}
\BOOKMARK [2][-]{subsection.7.8.1}{\376\377\000D\000e\000t\000a\000i\000l\000e\000d\000\040\000D\000e\000s\000c\000r\000i\000p\000t\000i\000o\000n}{section.7.8}
\BOOKMARK [1][-]{section.7.9}{\376\377\000s\000o\000u\000r\000c\000e\000s\000/\000f\000i\000e\000l\000d\000c\000h\000a\000n\000g\000e\000r\000s\000.\000h\000p\000p\000\040\000F\000i\000l\000e\000\040\000R\000e\000f\000e\000r\000e\000n\000c\000e}{chapter.7}
\BOOKMARK [2][-]{subsection.7.9.1}{\376\377\000D\000e\000t\000a\000i\000l\000e\000d\000\040\000D\000e\000s\000c\000r\000i\000p\000t\000i\000o\000n}{section.7.9}
\BOOKMARK [1][-]{section.7.10}{\376\377\000s\000o\000u\000r\000c\000e\000s\000/\000g\000e\000n\000d\000e\000r\000.\000c\000p\000p\000\040\000F\000i\000l\000e\000\040\000R\000e\000f\000e\000r\000e\000n\000c\000e}{chapter.7}
\BOOKMARK [2][-]{subsection.7.10.1}{\376\377\000D\000e\000t\000a\000i\000l\000e\000d\000\040\000D\000e\000s\000c\000r\000i\000p\000t\000i\000o\000n}{section.7.10}
\BOOKMARK [2][-]{subsection.7.10.2}{\376\377\000F\000u\000n\000c\000t\000i\000o\000n\000\040\000D\000o\000c\000u\000m\000e\000n\000t\000a\000t\000i\000o\000n}{section.7.10}
\BOOKMARK [3][-]{subsubsection.7.10.2.1}{\376\377\000o\000p\000e\000r\000a\000t\000o\000r\000<\000<}{subsection.7.10.2}
\BOOKMARK [1][-]{section.7.11}{\376\377\000s\000o\000u\000r\000c\000e\000s\000/\000g\000e\000n\000d\000e\000r\000.\000h\000\040\000F\000i\000l\000e\000\040\000R\000e\000f\000e\000r\000e\000n\000c\000e}{chapter.7}
\BOOKMARK [2][-]{subsection.7.11.1}{\376\377\000D\000e\000t\000a\000i\000l\000e\000d\000\040\000D\000e\000s\000c\000r\000i\000p\000t\000i\000o\000n}{section.7.11}
\BOOKMARK [1][-]{section.7.12}{\376\377\000s\000o\000u\000r\000c\000e\000s\000/\000i\000n\000d\000i\000v\000i\000d\000u\000a\000l\000a\000n\000i\000m\000a\000l\000.\000c\000p\000p\000\040\000F\000i\000l\000e\000\040\000R\000e\000f\000e\000r\000e\000n\000c\000e}{chapter.7}
\BOOKMARK [2][-]{subsection.7.12.1}{\376\377\000D\000e\000t\000a\000i\000l\000e\000d\000\040\000D\000e\000s\000c\000r\000i\000p\000t\000i\000o\000n}{section.7.12}
\BOOKMARK [2][-]{subsection.7.12.2}{\376\377\000F\000u\000n\000c\000t\000i\000o\000n\000\040\000D\000o\000c\000u\000m\000e\000n\000t\000a\000t\000i\000o\000n}{section.7.12}
\BOOKMARK [3][-]{subsubsection.7.12.2.1}{\376\377\000o\000p\000e\000r\000a\000t\000o\000r\000<\000<}{subsection.7.12.2}
\BOOKMARK [1][-]{section.7.13}{\376\377\000s\000o\000u\000r\000c\000e\000s\000/\000i\000n\000d\000i\000v\000i\000d\000u\000a\000l\000a\000n\000i\000m\000a\000l\000.\000h\000\040\000F\000i\000l\000e\000\040\000R\000e\000f\000e\000r\000e\000n\000c\000e}{chapter.7}
\BOOKMARK [2][-]{subsection.7.13.1}{\376\377\000D\000e\000t\000a\000i\000l\000e\000d\000\040\000D\000e\000s\000c\000r\000i\000p\000t\000i\000o\000n}{section.7.13}
\BOOKMARK [1][-]{section.7.14}{\376\377\000s\000o\000u\000r\000c\000e\000s\000/\000i\000n\000d\000i\000v\000i\000d\000u\000a\000l\000v\000e\000g\000e\000t\000a\000b\000l\000e\000.\000h\000\040\000F\000i\000l\000e\000\040\000R\000e\000f\000e\000r\000e\000n\000c\000e}{chapter.7}
\BOOKMARK [2][-]{subsection.7.14.1}{\376\377\000D\000e\000t\000a\000i\000l\000e\000d\000\040\000D\000e\000s\000c\000r\000i\000p\000t\000i\000o\000n}{section.7.14}
\BOOKMARK [1][-]{section.7.15}{\376\377\000s\000o\000u\000r\000c\000e\000s\000/\000m\000i\000s\000c\000e\000l\000l\000a\000n\000e\000u\000s\000.\000h\000\040\000F\000i\000l\000e\000\040\000R\000e\000f\000e\000r\000e\000n\000c\000e}{chapter.7}
\BOOKMARK [2][-]{subsection.7.15.1}{\376\377\000D\000e\000t\000a\000i\000l\000e\000d\000\040\000D\000e\000s\000c\000r\000i\000p\000t\000i\000o\000n}{section.7.15}
\BOOKMARK [1][-]{section.7.16}{\376\377\000s\000o\000u\000r\000c\000e\000s\000/\000s\000p\000e\000c\000i\000e\000d\000.\000h\000\040\000F\000i\000l\000e\000\040\000R\000e\000f\000e\000r\000e\000n\000c\000e}{chapter.7}
\BOOKMARK [2][-]{subsection.7.16.1}{\376\377\000D\000e\000t\000a\000i\000l\000e\000d\000\040\000D\000e\000s\000c\000r\000i\000p\000t\000i\000o\000n}{section.7.16}
\BOOKMARK [1][-]{section.7.17}{\376\377\000s\000o\000u\000r\000c\000e\000s\000/\000s\000p\000e\000c\000i\000e\000s\000c\000o\000n\000t\000r\000o\000l\000l\000e\000r\000.\000h\000\040\000F\000i\000l\000e\000\040\000R\000e\000f\000e\000r\000e\000n\000c\000e}{chapter.7}
\BOOKMARK [2][-]{subsection.7.17.1}{\376\377\000D\000e\000t\000a\000i\000l\000e\000d\000\040\000D\000e\000s\000c\000r\000i\000p\000t\000i\000o\000n}{section.7.17}
\BOOKMARK [1][-]{section.7.18}{\376\377\000s\000o\000u\000r\000c\000e\000s\000/\000s\000p\000e\000c\000i\000e\000s\000i\000n\000f\000o\000.\000h\000\040\000F\000i\000l\000e\000\040\000R\000e\000f\000e\000r\000e\000n\000c\000e}{chapter.7}
\BOOKMARK [2][-]{subsection.7.18.1}{\376\377\000D\000e\000t\000a\000i\000l\000e\000d\000\040\000D\000e\000s\000c\000r\000i\000p\000t\000i\000o\000n}{section.7.18}
\BOOKMARK [1][-]{section.7.19}{\376\377\000s\000o\000u\000r\000c\000e\000s\000/\000s\000u\000b\000s\000y\000s\000t\000e\000m\000c\000o\000n\000t\000a\000i\000n\000e\000r\000.\000c\000p\000p\000\040\000F\000i\000l\000e\000\040\000R\000e\000f\000e\000r\000e\000n\000c\000e}{chapter.7}
\BOOKMARK [2][-]{subsection.7.19.1}{\376\377\000D\000e\000t\000a\000i\000l\000e\000d\000\040\000D\000e\000s\000c\000r\000i\000p\000t\000i\000o\000n}{section.7.19}
\BOOKMARK [2][-]{subsection.7.19.2}{\376\377\000T\000y\000p\000e\000d\000e\000f\000\040\000D\000o\000c\000u\000m\000e\000n\000t\000a\000t\000i\000o\000n}{section.7.19}
\BOOKMARK [3][-]{subsubsection.7.19.2.1}{\376\377\000S\000u\000b\000C}{subsection.7.19.2}
\BOOKMARK [2][-]{subsection.7.19.3}{\376\377\000F\000u\000n\000c\000t\000i\000o\000n\000\040\000D\000o\000c\000u\000m\000e\000n\000t\000a\000t\000i\000o\000n}{section.7.19}
\BOOKMARK [3][-]{subsubsection.7.19.3.1}{\376\377\000o\000p\000e\000r\000a\000t\000o\000r\000<\000<}{subsection.7.19.3}
\BOOKMARK [1][-]{section.7.20}{\376\377\000s\000o\000u\000r\000c\000e\000s\000/\000s\000u\000b\000s\000y\000s\000t\000e\000m\000c\000o\000n\000t\000a\000i\000n\000e\000r\000.\000h\000\040\000F\000i\000l\000e\000\040\000R\000e\000f\000e\000r\000e\000n\000c\000e}{chapter.7}
\BOOKMARK [2][-]{subsection.7.20.1}{\376\377\000D\000e\000t\000a\000i\000l\000e\000d\000\040\000D\000e\000s\000c\000r\000i\000p\000t\000i\000o\000n}{section.7.20}
\BOOKMARK [1][-]{section.7.21}{\376\377\000s\000o\000u\000r\000c\000e\000s\000/\000t\000i\000m\000e\000.\000h\000\040\000F\000i\000l\000e\000\040\000R\000e\000f\000e\000r\000e\000n\000c\000e}{chapter.7}
\BOOKMARK [2][-]{subsection.7.21.1}{\376\377\000D\000e\000t\000a\000i\000l\000e\000d\000\040\000D\000e\000s\000c\000r\000i\000p\000t\000i\000o\000n}{section.7.21}
\BOOKMARK [1][-]{section.7.22}{\376\377\000s\000o\000u\000r\000c\000e\000s\000/\000v\000e\000g\000e\000t\000a\000b\000l\000e\000.\000c\000p\000p\000\040\000F\000i\000l\000e\000\040\000R\000e\000f\000e\000r\000e\000n\000c\000e}{chapter.7}
\BOOKMARK [2][-]{subsection.7.22.1}{\376\377\000D\000e\000t\000a\000i\000l\000e\000d\000\040\000D\000e\000s\000c\000r\000i\000p\000t\000i\000o\000n}{section.7.22}
\BOOKMARK [1][-]{section.7.23}{\376\377\000s\000o\000u\000r\000c\000e\000s\000/\000v\000e\000g\000e\000t\000a\000b\000l\000e\000.\000h\000\040\000F\000i\000l\000e\000\040\000R\000e\000f\000e\000r\000e\000n\000c\000e}{chapter.7}
\BOOKMARK [2][-]{subsection.7.23.1}{\376\377\000D\000e\000t\000a\000i\000l\000e\000d\000\040\000D\000e\000s\000c\000r\000i\000p\000t\000i\000o\000n}{section.7.23}
\BOOKMARK [1][-]{section.7.24}{\376\377\000s\000o\000u\000r\000c\000e\000s\000/\000v\000i\000v\000e\000n\000t\000.\000h\000\040\000F\000i\000l\000e\000\040\000R\000e\000f\000e\000r\000e\000n\000c\000e}{chapter.7}
\BOOKMARK [2][-]{subsection.7.24.1}{\376\377\000D\000e\000t\000a\000i\000l\000e\000d\000\040\000D\000e\000s\000c\000r\000i\000p\000t\000i\000o\000n}{section.7.24}
