This is pdfTeX, Version 3.1415926-1.40.10 (TeX Live 2009/Debian) (format=pdflatex 2011.12.12)  16 JAN 2012 17:27
entering extended mode
 %&-line parsing enabled.
**refman.tex
(./refman.tex
LaTeX2e <2009/09/24>
Babel <v3.8l> and hyphenation patterns for english, usenglishmax, dumylang, noh
yphenation, loaded.
(/usr/share/texmf-texlive/tex/latex/base/book.cls
Document Class: book 2007/10/19 v1.4h Standard LaTeX document class
(/usr/share/texmf-texlive/tex/latex/base/bk10.clo
File: bk10.clo 2007/10/19 v1.4h Standard LaTeX file (size option)
)
\c@part=\count79
\c@chapter=\count80
\c@section=\count81
\c@subsection=\count82
\c@subsubsection=\count83
\c@paragraph=\count84
\c@subparagraph=\count85
\c@figure=\count86
\c@table=\count87
\abovecaptionskip=\skip41
\belowcaptionskip=\skip42
\bibindent=\dimen102
)
(/usr/share/texmf-texlive/tex/latex/base/makeidx.sty
Package: makeidx 2000/03/29 v1.0m Standard LaTeX package
)
(/usr/share/texmf-texlive/tex/latex/graphics/graphicx.sty
Package: graphicx 1999/02/16 v1.0f Enhanced LaTeX Graphics (DPC,SPQR)

(/usr/share/texmf-texlive/tex/latex/graphics/keyval.sty
Package: keyval 1999/03/16 v1.13 key=value parser (DPC)
\KV@toks@=\toks14
)
(/usr/share/texmf-texlive/tex/latex/graphics/graphics.sty
Package: graphics 2009/02/05 v1.0o Standard LaTeX Graphics (DPC,SPQR)

(/usr/share/texmf-texlive/tex/latex/graphics/trig.sty
Package: trig 1999/03/16 v1.09 sin cos tan (DPC)
)
(/etc/texmf/tex/latex/config/graphics.cfg
File: graphics.cfg 2009/08/28 v1.8 graphics configuration of TeX Live
)
Package graphics Info: Driver file: pdftex.def on input line 91.

(/usr/share/texmf-texlive/tex/latex/pdftex-def/pdftex.def
File: pdftex.def 2010/03/12 v0.04p Graphics/color for pdfTeX
\Gread@gobject=\count88
))
\Gin@req@height=\dimen103
\Gin@req@width=\dimen104
)
(/usr/share/texmf-texlive/tex/latex/tools/multicol.sty
Package: multicol 2008/12/05 v1.6h multicolumn formatting (FMi)
\c@tracingmulticols=\count89
\mult@box=\box26
\multicol@leftmargin=\dimen105
\c@unbalance=\count90
\c@collectmore=\count91
\doublecol@number=\count92
\multicoltolerance=\count93
\multicolpretolerance=\count94
\full@width=\dimen106
\page@free=\dimen107
\premulticols=\dimen108
\postmulticols=\dimen109
\multicolsep=\skip43
\multicolbaselineskip=\skip44
\partial@page=\box27
\last@line=\box28
\mult@rightbox=\box29
\mult@grightbox=\box30
\mult@gfirstbox=\box31
\mult@firstbox=\box32
\@tempa=\box33
\@tempa=\box34
\@tempa=\box35
\@tempa=\box36
\@tempa=\box37
\@tempa=\box38
\@tempa=\box39
\@tempa=\box40
\@tempa=\box41
\@tempa=\box42
\@tempa=\box43
\@tempa=\box44
\@tempa=\box45
\@tempa=\box46
\@tempa=\box47
\@tempa=\box48
\@tempa=\box49
\c@columnbadness=\count95
\c@finalcolumnbadness=\count96
\last@try=\dimen110
\multicolovershoot=\dimen111
\multicolundershoot=\dimen112
\mult@nat@firstbox=\box50
\colbreak@box=\box51
)
(/usr/share/texmf-texlive/tex/latex/float/float.sty
Package: float 2001/11/08 v1.3d Float enhancements (AL)
\c@float@type=\count97
\float@exts=\toks15
\float@box=\box52
\@float@everytoks=\toks16
\@floatcapt=\box53
)
(/usr/share/texmf-texlive/tex/latex/listings/listings.sty
\lst@mode=\count98
\lst@gtempboxa=\box54
\lst@token=\toks17
\lst@length=\count99
\lst@currlwidth=\dimen113
\lst@column=\count100
\lst@pos=\count101
\lst@lostspace=\dimen114
\lst@width=\dimen115
\lst@newlines=\count102
\lst@lineno=\count103
\lst@maxwidth=\dimen116

(/usr/share/texmf-texlive/tex/latex/listings/lstmisc.sty
File: lstmisc.sty 2007/02/22 1.4 (Carsten Heinz)
\c@lstnumber=\count104
\lst@skipnumbers=\count105
\lst@framebox=\box55
)
(/usr/share/texmf-texlive/tex/latex/listings/listings.cfg
File: listings.cfg 2007/02/22 1.4 listings configuration
))
Package: listings 2007/02/22 1.4 (Carsten Heinz)

(/usr/share/texmf-texlive/tex/latex/graphics/color.sty
Package: color 2005/11/14 v1.0j Standard LaTeX Color (DPC)

(/etc/texmf/tex/latex/config/color.cfg
File: color.cfg 2007/01/18 v1.5 color configuration of teTeX/TeXLive
)
Package color Info: Driver file: pdftex.def on input line 130.
)
(/usr/share/texmf-texlive/tex/latex/base/ifthen.sty
Package: ifthen 2001/05/26 v1.1c Standard LaTeX ifthen package (DPC)
)
(/usr/share/texmf/tex/latex/xcolor/xcolor.sty
Package: xcolor 2007/01/21 v2.11 LaTeX color extensions (UK)

(/etc/texmf/tex/latex/config/color.cfg
File: color.cfg 2007/01/18 v1.5 color configuration of teTeX/TeXLive
)
Package xcolor Info: Driver file: pdftex.def on input line 225.

(/usr/share/texmf-texlive/tex/latex/colortbl/colortbl.sty
Package: colortbl 2001/02/13 v0.1j Color table columns (DPC)

(/usr/share/texmf-texlive/tex/latex/tools/array.sty
Package: array 2008/09/09 v2.4c Tabular extension package (FMi)
\col@sep=\dimen117
\extrarowheight=\dimen118
\NC@list=\toks18
\extratabsurround=\skip45
\backup@length=\skip46
)
\everycr=\toks19
\minrowclearance=\skip47
)
LaTeX Info: Redefining \color on input line 702.
\rownum=\count106
Package xcolor Info: Model `cmy' substituted by `cmy0' on input line 1337.
Package xcolor Info: Model `hsb' substituted by `rgb' on input line 1341.
Package xcolor Info: Model `RGB' extended on input line 1353.
Package xcolor Info: Model `HTML' substituted by `rgb' on input line 1355.
Package xcolor Info: Model `Hsb' substituted by `hsb' on input line 1356.
Package xcolor Info: Model `tHsb' substituted by `hsb' on input line 1357.
Package xcolor Info: Model `HSB' substituted by `hsb' on input line 1358.
Package xcolor Info: Model `Gray' substituted by `gray' on input line 1359.
Package xcolor Info: Model `wave' substituted by `hsb' on input line 1360.
)
(/usr/share/texmf-texlive/tex/latex/base/textcomp.sty
Package: textcomp 2005/09/27 v1.99g Standard LaTeX package
Package textcomp Info: Sub-encoding information:
(textcomp)               5 = only ISO-Adobe without \textcurrency
(textcomp)               4 = 5 + \texteuro
(textcomp)               3 = 4 + \textohm
(textcomp)               2 = 3 + \textestimated + \textcurrency
(textcomp)               1 = TS1 - \textcircled - \t
(textcomp)               0 = TS1 (full)
(textcomp)             Font families with sub-encoding setting implement
(textcomp)             only a restricted character set as indicated.
(textcomp)             Family '?' is the default used for unknown fonts.
(textcomp)             See the documentation for details.
Package textcomp Info: Setting ? sub-encoding to TS1/1 on input line 71.

(/usr/share/texmf-texlive/tex/latex/base/ts1enc.def
File: ts1enc.def 2001/06/05 v3.0e (jk/car/fm) Standard LaTeX file
)
LaTeX Info: Redefining \oldstylenums on input line 266.
Package textcomp Info: Setting cmr sub-encoding to TS1/0 on input line 281.
Package textcomp Info: Setting cmss sub-encoding to TS1/0 on input line 282.
Package textcomp Info: Setting cmtt sub-encoding to TS1/0 on input line 283.
Package textcomp Info: Setting cmvtt sub-encoding to TS1/0 on input line 284.
Package textcomp Info: Setting cmbr sub-encoding to TS1/0 on input line 285.
Package textcomp Info: Setting cmtl sub-encoding to TS1/0 on input line 286.
Package textcomp Info: Setting ccr sub-encoding to TS1/0 on input line 287.
Package textcomp Info: Setting ptm sub-encoding to TS1/4 on input line 288.
Package textcomp Info: Setting pcr sub-encoding to TS1/4 on input line 289.
Package textcomp Info: Setting phv sub-encoding to TS1/4 on input line 290.
Package textcomp Info: Setting ppl sub-encoding to TS1/3 on input line 291.
Package textcomp Info: Setting pag sub-encoding to TS1/4 on input line 292.
Package textcomp Info: Setting pbk sub-encoding to TS1/4 on input line 293.
Package textcomp Info: Setting pnc sub-encoding to TS1/4 on input line 294.
Package textcomp Info: Setting pzc sub-encoding to TS1/4 on input line 295.
Package textcomp Info: Setting bch sub-encoding to TS1/4 on input line 296.
Package textcomp Info: Setting put sub-encoding to TS1/5 on input line 297.
Package textcomp Info: Setting uag sub-encoding to TS1/5 on input line 298.
Package textcomp Info: Setting ugq sub-encoding to TS1/5 on input line 299.
Package textcomp Info: Setting ul8 sub-encoding to TS1/4 on input line 300.
Package textcomp Info: Setting ul9 sub-encoding to TS1/4 on input line 301.
Package textcomp Info: Setting augie sub-encoding to TS1/5 on input line 302.
Package textcomp Info: Setting dayrom sub-encoding to TS1/3 on input line 303.
Package textcomp Info: Setting dayroms sub-encoding to TS1/3 on input line 304.

Package textcomp Info: Setting pxr sub-encoding to TS1/0 on input line 305.
Package textcomp Info: Setting pxss sub-encoding to TS1/0 on input line 306.
Package textcomp Info: Setting pxtt sub-encoding to TS1/0 on input line 307.
Package textcomp Info: Setting txr sub-encoding to TS1/0 on input line 308.
Package textcomp Info: Setting txss sub-encoding to TS1/0 on input line 309.
Package textcomp Info: Setting txtt sub-encoding to TS1/0 on input line 310.
Package textcomp Info: Setting futs sub-encoding to TS1/4 on input line 311.
Package textcomp Info: Setting futx sub-encoding to TS1/4 on input line 312.
Package textcomp Info: Setting futj sub-encoding to TS1/4 on input line 313.
Package textcomp Info: Setting hlh sub-encoding to TS1/3 on input line 314.
Package textcomp Info: Setting hls sub-encoding to TS1/3 on input line 315.
Package textcomp Info: Setting hlst sub-encoding to TS1/3 on input line 316.
Package textcomp Info: Setting hlct sub-encoding to TS1/5 on input line 317.
Package textcomp Info: Setting hlx sub-encoding to TS1/5 on input line 318.
Package textcomp Info: Setting hlce sub-encoding to TS1/5 on input line 319.
Package textcomp Info: Setting hlcn sub-encoding to TS1/5 on input line 320.
Package textcomp Info: Setting hlcw sub-encoding to TS1/5 on input line 321.
Package textcomp Info: Setting hlcf sub-encoding to TS1/5 on input line 322.
Package textcomp Info: Setting pplx sub-encoding to TS1/3 on input line 323.
Package textcomp Info: Setting pplj sub-encoding to TS1/3 on input line 324.
Package textcomp Info: Setting ptmx sub-encoding to TS1/4 on input line 325.
Package textcomp Info: Setting ptmj sub-encoding to TS1/4 on input line 326.
)
(/usr/share/texmf-texlive/tex/latex/base/alltt.sty
Package: alltt 1997/06/16 v2.0g defines alltt environment
)
(/usr/share/texmf-texlive/tex/generic/oberdiek/ifpdf.sty
Package: ifpdf 2009/04/10 v2.0 Provides the ifpdf switch (HO)
Package ifpdf Info: pdfTeX in pdf mode detected.
)
(/usr/share/texmf-texlive/tex/latex/hyperref/hyperref.sty
Package: hyperref 2009/10/09 v6.79a Hypertext links for LaTeX

(/usr/share/texmf-texlive/tex/generic/oberdiek/ifvtex.sty
Package: ifvtex 2008/11/04 v1.4 Switches for detecting VTeX and its modes (HO)
Package ifvtex Info: VTeX not detected.
)
(/usr/share/texmf-texlive/tex/generic/ifxetex/ifxetex.sty
Package: ifxetex 2009/01/23 v0.5 Provides ifxetex conditional
)
(/usr/share/texmf-texlive/tex/latex/oberdiek/hycolor.sty
Package: hycolor 2009/10/02 v1.5 Code for color options of hyperref/bookmark (H
O)

(/usr/share/texmf-texlive/tex/latex/oberdiek/xcolor-patch.sty
Package: xcolor-patch 2009/10/02 xcolor patch
))
\@linkdim=\dimen119
\Hy@linkcounter=\count107
\Hy@pagecounter=\count108

(/usr/share/texmf-texlive/tex/latex/hyperref/pd1enc.def
File: pd1enc.def 2009/10/09 v6.79a Hyperref: PDFDocEncoding definition (HO)
)
(/usr/share/texmf-texlive/tex/generic/oberdiek/etexcmds.sty
Package: etexcmds 2007/12/12 v1.2 Prefix for e-TeX command names (HO)

(/usr/share/texmf-texlive/tex/generic/oberdiek/infwarerr.sty
Package: infwarerr 2007/09/09 v1.2 Providing info/warning/message (HO)
)
Package etexcmds Info: Could not find \expanded.
(etexcmds)             That can mean that you are not using pdfTeX 1.50 or
(etexcmds)             that some package has redefined \expanded.
(etexcmds)             In the latter case, load this package earlier.
)
(/usr/share/texmf-texlive/tex/latex/latexconfig/hyperref.cfg
File: hyperref.cfg 2002/06/06 v1.2 hyperref configuration of TeXLive
)
(/usr/share/texmf-texlive/tex/latex/oberdiek/kvoptions.sty
Package: kvoptions 2009/08/13 v3.4 Keyval support for LaTeX options (HO)

(/usr/share/texmf-texlive/tex/generic/oberdiek/kvsetkeys.sty
Package: kvsetkeys 2009/07/30 v1.5 Key value parser with default handler suppor
t (HO)
))
Package hyperref Info: Option `colorlinks' set `true' on input line 2864.
Package hyperref Info: Option `unicode' set `true' on input line 2864.

(/usr/share/texmf-texlive/tex/latex/hyperref/puenc.def
File: puenc.def 2009/10/09 v6.79a Hyperref: PDF Unicode definition (HO)
)
Package hyperref Info: Hyper figures OFF on input line 2975.
Package hyperref Info: Link nesting OFF on input line 2980.
Package hyperref Info: Hyper index ON on input line 2983.
Package hyperref Info: Plain pages OFF on input line 2990.
Package hyperref Info: Backreferencing ON on input line 2993.

Implicit mode ON; LaTeX internals redefined
Package hyperref Info: Bookmarks ON on input line 3191.
(/usr/share/texmf-texlive/tex/latex/hyperref/backref.sty
Package: backref 2006/09/05 v1.28 Bibliographical back referencing
)
(/usr/share/texmf-texlive/tex/latex/ltxmisc/url.sty
\Urlmuskip=\muskip10
Package: url 2006/04/12  ver 3.3  Verb mode for urls, etc.
)
LaTeX Info: Redefining \url on input line 3428.

(/usr/share/texmf-texlive/tex/generic/oberdiek/bitset.sty
Package: bitset 2007/09/28 v1.0 Data type bit set (HO)

(/usr/share/texmf-texlive/tex/generic/oberdiek/intcalc.sty
Package: intcalc 2007/09/27 v1.1 Expandable integer calculations (HO)
)
(/usr/share/texmf-texlive/tex/generic/oberdiek/bigintcalc.sty
Package: bigintcalc 2007/11/11 v1.1 Expandable big integer calculations (HO)

(/usr/share/texmf-texlive/tex/generic/oberdiek/pdftexcmds.sty
Package: pdftexcmds 2009/09/23 v0.6 LuaTeX support for pdfTeX utility functions
 (HO)

(/usr/share/texmf-texlive/tex/generic/oberdiek/ifluatex.sty
Package: ifluatex 2009/04/17 v1.2 Provides the ifluatex switch (HO)
Package ifluatex Info: LuaTeX not detected.
)
(/usr/share/texmf-texlive/tex/generic/oberdiek/ltxcmds.sty
Package: ltxcmds 2009/08/05 v1.0 Some LaTeX kernel commands for general use (HO
)
)
Package pdftexcmds Info: LuaTeX not detected.
Package pdftexcmds Info: \pdf@primitive is available.
Package pdftexcmds Info: \pdf@ifprimitive is available.
)))
\Fld@menulength=\count109
\Field@Width=\dimen120
\Fld@charsize=\dimen121
\Field@toks=\toks20
Package hyperref Info: Hyper figures OFF on input line 4377.
Package hyperref Info: Link nesting OFF on input line 4382.
Package hyperref Info: Hyper index ON on input line 4385.
Package hyperref Info: backreferencing ON on input line 4390.
Package hyperref Info: Link coloring ON on input line 4395.
Package hyperref Info: Link coloring with OCG OFF on input line 4402.
Package hyperref Info: PDF/A mode OFF on input line 4407.

(/usr/share/texmf-texlive/tex/generic/oberdiek/atbegshi.sty
Package: atbegshi 2008/07/31 v1.9 At begin shipout hook (HO)
)
\Hy@abspage=\count110
\c@Item=\count111
\c@Hfootnote=\count112
)
*hyperref using driver hpdftex*
(/usr/share/texmf-texlive/tex/latex/hyperref/hpdftex.def
File: hpdftex.def 2009/10/09 v6.79a Hyperref driver for pdfTeX
\Fld@listcount=\count113
)
(/usr/share/texmf-texlive/tex/latex/base/inputenc.sty
Package: inputenc 2008/03/30 v1.1d Input encoding file
\inpenc@prehook=\toks21
\inpenc@posthook=\toks22

(/usr/share/texmf-texlive/tex/latex/base/utf8.def
File: utf8.def 2008/04/05 v1.1m UTF-8 support for inputenc
Now handling font encoding OML ...
... no UTF-8 mapping file for font encoding OML
Now handling font encoding T1 ...
... processing UTF-8 mapping file for font encoding T1

(/usr/share/texmf-texlive/tex/latex/base/t1enc.dfu
File: t1enc.dfu 2008/04/05 v1.1m UTF-8 support for inputenc
   defining Unicode char U+00A1 (decimal 161)
   defining Unicode char U+00A3 (decimal 163)
   defining Unicode char U+00AB (decimal 171)
   defining Unicode char U+00BB (decimal 187)
   defining Unicode char U+00BF (decimal 191)
   defining Unicode char U+00C0 (decimal 192)
   defining Unicode char U+00C1 (decimal 193)
   defining Unicode char U+00C2 (decimal 194)
   defining Unicode char U+00C3 (decimal 195)
   defining Unicode char U+00C4 (decimal 196)
   defining Unicode char U+00C5 (decimal 197)
   defining Unicode char U+00C6 (decimal 198)
   defining Unicode char U+00C7 (decimal 199)
   defining Unicode char U+00C8 (decimal 200)
   defining Unicode char U+00C9 (decimal 201)
   defining Unicode char U+00CA (decimal 202)
   defining Unicode char U+00CB (decimal 203)
   defining Unicode char U+00CC (decimal 204)
   defining Unicode char U+00CD (decimal 205)
   defining Unicode char U+00CE (decimal 206)
   defining Unicode char U+00CF (decimal 207)
   defining Unicode char U+00D0 (decimal 208)
   defining Unicode char U+00D1 (decimal 209)
   defining Unicode char U+00D2 (decimal 210)
   defining Unicode char U+00D3 (decimal 211)
   defining Unicode char U+00D4 (decimal 212)
   defining Unicode char U+00D5 (decimal 213)
   defining Unicode char U+00D6 (decimal 214)
   defining Unicode char U+00D8 (decimal 216)
   defining Unicode char U+00D9 (decimal 217)
   defining Unicode char U+00DA (decimal 218)
   defining Unicode char U+00DB (decimal 219)
   defining Unicode char U+00DC (decimal 220)
   defining Unicode char U+00DD (decimal 221)
   defining Unicode char U+00DE (decimal 222)
   defining Unicode char U+00DF (decimal 223)
   defining Unicode char U+00E0 (decimal 224)
   defining Unicode char U+00E1 (decimal 225)
   defining Unicode char U+00E2 (decimal 226)
   defining Unicode char U+00E3 (decimal 227)
   defining Unicode char U+00E4 (decimal 228)
   defining Unicode char U+00E5 (decimal 229)
   defining Unicode char U+00E6 (decimal 230)
   defining Unicode char U+00E7 (decimal 231)
   defining Unicode char U+00E8 (decimal 232)
   defining Unicode char U+00E9 (decimal 233)
   defining Unicode char U+00EA (decimal 234)
   defining Unicode char U+00EB (decimal 235)
   defining Unicode char U+00EC (decimal 236)
   defining Unicode char U+00ED (decimal 237)
   defining Unicode char U+00EE (decimal 238)
   defining Unicode char U+00EF (decimal 239)
   defining Unicode char U+00F0 (decimal 240)
   defining Unicode char U+00F1 (decimal 241)
   defining Unicode char U+00F2 (decimal 242)
   defining Unicode char U+00F3 (decimal 243)
   defining Unicode char U+00F4 (decimal 244)
   defining Unicode char U+00F5 (decimal 245)
   defining Unicode char U+00F6 (decimal 246)
   defining Unicode char U+00F8 (decimal 248)
   defining Unicode char U+00F9 (decimal 249)
   defining Unicode char U+00FA (decimal 250)
   defining Unicode char U+00FB (decimal 251)
   defining Unicode char U+00FC (decimal 252)
   defining Unicode char U+00FD (decimal 253)
   defining Unicode char U+00FE (decimal 254)
   defining Unicode char U+00FF (decimal 255)
   defining Unicode char U+0102 (decimal 258)
   defining Unicode char U+0103 (decimal 259)
   defining Unicode char U+0104 (decimal 260)
   defining Unicode char U+0105 (decimal 261)
   defining Unicode char U+0106 (decimal 262)
   defining Unicode char U+0107 (decimal 263)
   defining Unicode char U+010C (decimal 268)
   defining Unicode char U+010D (decimal 269)
   defining Unicode char U+010E (decimal 270)
   defining Unicode char U+010F (decimal 271)
   defining Unicode char U+0110 (decimal 272)
   defining Unicode char U+0111 (decimal 273)
   defining Unicode char U+0118 (decimal 280)
   defining Unicode char U+0119 (decimal 281)
   defining Unicode char U+011A (decimal 282)
   defining Unicode char U+011B (decimal 283)
   defining Unicode char U+011E (decimal 286)
   defining Unicode char U+011F (decimal 287)
   defining Unicode char U+0130 (decimal 304)
   defining Unicode char U+0131 (decimal 305)
   defining Unicode char U+0132 (decimal 306)
   defining Unicode char U+0133 (decimal 307)
   defining Unicode char U+0139 (decimal 313)
   defining Unicode char U+013A (decimal 314)
   defining Unicode char U+013D (decimal 317)
   defining Unicode char U+013E (decimal 318)
   defining Unicode char U+0141 (decimal 321)
   defining Unicode char U+0142 (decimal 322)
   defining Unicode char U+0143 (decimal 323)
   defining Unicode char U+0144 (decimal 324)
   defining Unicode char U+0147 (decimal 327)
   defining Unicode char U+0148 (decimal 328)
   defining Unicode char U+014A (decimal 330)
   defining Unicode char U+014B (decimal 331)
   defining Unicode char U+0150 (decimal 336)
   defining Unicode char U+0151 (decimal 337)
   defining Unicode char U+0152 (decimal 338)
   defining Unicode char U+0153 (decimal 339)
   defining Unicode char U+0154 (decimal 340)
   defining Unicode char U+0155 (decimal 341)
   defining Unicode char U+0158 (decimal 344)
   defining Unicode char U+0159 (decimal 345)
   defining Unicode char U+015A (decimal 346)
   defining Unicode char U+015B (decimal 347)
   defining Unicode char U+015E (decimal 350)
   defining Unicode char U+015F (decimal 351)
   defining Unicode char U+0160 (decimal 352)
   defining Unicode char U+0161 (decimal 353)
   defining Unicode char U+0162 (decimal 354)
   defining Unicode char U+0163 (decimal 355)
   defining Unicode char U+0164 (decimal 356)
   defining Unicode char U+0165 (decimal 357)
   defining Unicode char U+016E (decimal 366)
   defining Unicode char U+016F (decimal 367)
   defining Unicode char U+0170 (decimal 368)
   defining Unicode char U+0171 (decimal 369)
   defining Unicode char U+0178 (decimal 376)
   defining Unicode char U+0179 (decimal 377)
   defining Unicode char U+017A (decimal 378)
   defining Unicode char U+017B (decimal 379)
   defining Unicode char U+017C (decimal 380)
   defining Unicode char U+017D (decimal 381)
   defining Unicode char U+017E (decimal 382)
   defining Unicode char U+200C (decimal 8204)
   defining Unicode char U+2013 (decimal 8211)
   defining Unicode char U+2014 (decimal 8212)
   defining Unicode char U+2018 (decimal 8216)
   defining Unicode char U+2019 (decimal 8217)
   defining Unicode char U+201A (decimal 8218)
   defining Unicode char U+201C (decimal 8220)
   defining Unicode char U+201D (decimal 8221)
   defining Unicode char U+201E (decimal 8222)
   defining Unicode char U+2030 (decimal 8240)
   defining Unicode char U+2031 (decimal 8241)
   defining Unicode char U+2039 (decimal 8249)
   defining Unicode char U+203A (decimal 8250)
   defining Unicode char U+2423 (decimal 9251)
)
Now handling font encoding OT1 ...
... processing UTF-8 mapping file for font encoding OT1

(/usr/share/texmf-texlive/tex/latex/base/ot1enc.dfu
File: ot1enc.dfu 2008/04/05 v1.1m UTF-8 support for inputenc
   defining Unicode char U+00A1 (decimal 161)
   defining Unicode char U+00A3 (decimal 163)
   defining Unicode char U+00B8 (decimal 184)
   defining Unicode char U+00BF (decimal 191)
   defining Unicode char U+00C5 (decimal 197)
   defining Unicode char U+00C6 (decimal 198)
   defining Unicode char U+00D8 (decimal 216)
   defining Unicode char U+00DF (decimal 223)
   defining Unicode char U+00E6 (decimal 230)
   defining Unicode char U+00EC (decimal 236)
   defining Unicode char U+00ED (decimal 237)
   defining Unicode char U+00EE (decimal 238)
   defining Unicode char U+00EF (decimal 239)
   defining Unicode char U+00F8 (decimal 248)
   defining Unicode char U+0131 (decimal 305)
   defining Unicode char U+0141 (decimal 321)
   defining Unicode char U+0142 (decimal 322)
   defining Unicode char U+0152 (decimal 338)
   defining Unicode char U+0153 (decimal 339)
   defining Unicode char U+2013 (decimal 8211)
   defining Unicode char U+2014 (decimal 8212)
   defining Unicode char U+2018 (decimal 8216)
   defining Unicode char U+2019 (decimal 8217)
   defining Unicode char U+201C (decimal 8220)
   defining Unicode char U+201D (decimal 8221)
)
Now handling font encoding OMS ...
... processing UTF-8 mapping file for font encoding OMS

(/usr/share/texmf-texlive/tex/latex/base/omsenc.dfu
File: omsenc.dfu 2008/04/05 v1.1m UTF-8 support for inputenc
   defining Unicode char U+00A7 (decimal 167)
   defining Unicode char U+00B6 (decimal 182)
   defining Unicode char U+00B7 (decimal 183)
   defining Unicode char U+2020 (decimal 8224)
   defining Unicode char U+2021 (decimal 8225)
   defining Unicode char U+2022 (decimal 8226)
)
Now handling font encoding OMX ...
... no UTF-8 mapping file for font encoding OMX
Now handling font encoding U ...
... no UTF-8 mapping file for font encoding U
Now handling font encoding TS1 ...
... processing UTF-8 mapping file for font encoding TS1

(/usr/share/texmf-texlive/tex/latex/base/ts1enc.dfu
File: ts1enc.dfu 2008/04/05 v1.1m UTF-8 support for inputenc
   defining Unicode char U+00A2 (decimal 162)
   defining Unicode char U+00A3 (decimal 163)
   defining Unicode char U+00A4 (decimal 164)
   defining Unicode char U+00A5 (decimal 165)
   defining Unicode char U+00A6 (decimal 166)
   defining Unicode char U+00A7 (decimal 167)
   defining Unicode char U+00A8 (decimal 168)
   defining Unicode char U+00A9 (decimal 169)
   defining Unicode char U+00AA (decimal 170)
   defining Unicode char U+00AC (decimal 172)
   defining Unicode char U+00AE (decimal 174)
   defining Unicode char U+00AF (decimal 175)
   defining Unicode char U+00B0 (decimal 176)
   defining Unicode char U+00B1 (decimal 177)
   defining Unicode char U+00B2 (decimal 178)
   defining Unicode char U+00B3 (decimal 179)
   defining Unicode char U+00B4 (decimal 180)
   defining Unicode char U+00B5 (decimal 181)
   defining Unicode char U+00B6 (decimal 182)
   defining Unicode char U+00B7 (decimal 183)
   defining Unicode char U+00B9 (decimal 185)
   defining Unicode char U+00BA (decimal 186)
   defining Unicode char U+00BC (decimal 188)
   defining Unicode char U+00BD (decimal 189)
   defining Unicode char U+00BE (decimal 190)
   defining Unicode char U+00D7 (decimal 215)
   defining Unicode char U+00F7 (decimal 247)
   defining Unicode char U+0192 (decimal 402)
   defining Unicode char U+02C7 (decimal 711)
   defining Unicode char U+02D8 (decimal 728)
   defining Unicode char U+02DD (decimal 733)
   defining Unicode char U+0E3F (decimal 3647)
   defining Unicode char U+2016 (decimal 8214)
   defining Unicode char U+2020 (decimal 8224)
   defining Unicode char U+2021 (decimal 8225)
   defining Unicode char U+2022 (decimal 8226)
   defining Unicode char U+2030 (decimal 8240)
   defining Unicode char U+2031 (decimal 8241)
   defining Unicode char U+203B (decimal 8251)
   defining Unicode char U+203D (decimal 8253)
   defining Unicode char U+2044 (decimal 8260)
   defining Unicode char U+204E (decimal 8270)
   defining Unicode char U+2052 (decimal 8274)
   defining Unicode char U+20A1 (decimal 8353)
   defining Unicode char U+20A4 (decimal 8356)
   defining Unicode char U+20A6 (decimal 8358)
   defining Unicode char U+20A9 (decimal 8361)
   defining Unicode char U+20AB (decimal 8363)
   defining Unicode char U+20AC (decimal 8364)
   defining Unicode char U+20B1 (decimal 8369)
   defining Unicode char U+2103 (decimal 8451)
   defining Unicode char U+2116 (decimal 8470)
   defining Unicode char U+2117 (decimal 8471)
   defining Unicode char U+211E (decimal 8478)
   defining Unicode char U+2120 (decimal 8480)
   defining Unicode char U+2122 (decimal 8482)
   defining Unicode char U+2126 (decimal 8486)
   defining Unicode char U+2127 (decimal 8487)
   defining Unicode char U+212E (decimal 8494)
   defining Unicode char U+2190 (decimal 8592)
   defining Unicode char U+2191 (decimal 8593)
   defining Unicode char U+2192 (decimal 8594)
   defining Unicode char U+2193 (decimal 8595)
   defining Unicode char U+2329 (decimal 9001)
   defining Unicode char U+232A (decimal 9002)
   defining Unicode char U+2422 (decimal 9250)
   defining Unicode char U+25E6 (decimal 9702)
   defining Unicode char U+25EF (decimal 9711)
   defining Unicode char U+266A (decimal 9834)
)
Now handling font encoding PD1 ...
... no UTF-8 mapping file for font encoding PD1
Now handling font encoding PU ...
... no UTF-8 mapping file for font encoding PU
   defining Unicode char U+00A9 (decimal 169)
   defining Unicode char U+00AA (decimal 170)
   defining Unicode char U+00AE (decimal 174)
   defining Unicode char U+00BA (decimal 186)
   defining Unicode char U+02C6 (decimal 710)
   defining Unicode char U+02DC (decimal 732)
   defining Unicode char U+200C (decimal 8204)
   defining Unicode char U+2026 (decimal 8230)
   defining Unicode char U+2122 (decimal 8482)
   defining Unicode char U+2423 (decimal 9251)
))
(/usr/share/texmf-texlive/tex/latex/psnfss/mathptmx.sty
Package: mathptmx 2005/04/12 PSNFSS-v9.2a Times w/ Math, improved (SPQR, WaS) 
LaTeX Font Info:    Redeclaring symbol font `operators' on input line 28.
LaTeX Font Info:    Overwriting symbol font `operators' in version `normal'
(Font)                  OT1/cmr/m/n --> OT1/ztmcm/m/n on input line 28.
LaTeX Font Info:    Overwriting symbol font `operators' in version `bold'
(Font)                  OT1/cmr/bx/n --> OT1/ztmcm/m/n on input line 28.
LaTeX Font Info:    Redeclaring symbol font `letters' on input line 29.
LaTeX Font Info:    Overwriting symbol font `letters' in version `normal'
(Font)                  OML/cmm/m/it --> OML/ztmcm/m/it on input line 29.
LaTeX Font Info:    Overwriting symbol font `letters' in version `bold'
(Font)                  OML/cmm/b/it --> OML/ztmcm/m/it on input line 29.
LaTeX Font Info:    Redeclaring symbol font `symbols' on input line 30.
LaTeX Font Info:    Overwriting symbol font `symbols' in version `normal'
(Font)                  OMS/cmsy/m/n --> OMS/ztmcm/m/n on input line 30.
LaTeX Font Info:    Overwriting symbol font `symbols' in version `bold'
(Font)                  OMS/cmsy/b/n --> OMS/ztmcm/m/n on input line 30.
LaTeX Font Info:    Redeclaring symbol font `largesymbols' on input line 31.
LaTeX Font Info:    Overwriting symbol font `largesymbols' in version `normal'
(Font)                  OMX/cmex/m/n --> OMX/ztmcm/m/n on input line 31.
LaTeX Font Info:    Overwriting symbol font `largesymbols' in version `bold'
(Font)                  OMX/cmex/m/n --> OMX/ztmcm/m/n on input line 31.
\symbold=\mathgroup4
\symitalic=\mathgroup5
LaTeX Font Info:    Redeclaring math alphabet \mathbf on input line 34.
LaTeX Font Info:    Overwriting math alphabet `\mathbf' in version `normal'
(Font)                  OT1/cmr/bx/n --> OT1/ptm/bx/n on input line 34.
LaTeX Font Info:    Overwriting math alphabet `\mathbf' in version `bold'
(Font)                  OT1/cmr/bx/n --> OT1/ptm/bx/n on input line 34.
LaTeX Font Info:    Redeclaring math alphabet \mathit on input line 35.
LaTeX Font Info:    Overwriting math alphabet `\mathit' in version `normal'
(Font)                  OT1/cmr/m/it --> OT1/ptm/m/it on input line 35.
LaTeX Font Info:    Overwriting math alphabet `\mathit' in version `bold'
(Font)                  OT1/cmr/bx/it --> OT1/ptm/m/it on input line 35.
LaTeX Info: Redefining \hbar on input line 50.
)
(/usr/share/texmf-texlive/tex/latex/psnfss/helvet.sty
Package: helvet 2005/04/12 PSNFSS-v9.2a (WaS) 
)
(/usr/share/texmf-texlive/tex/latex/psnfss/courier.sty
Package: courier 2005/04/12 PSNFSS-v9.2a (WaS) 
) (./doxygen.sty
Package: doxygen 

(/usr/share/texmf-texlive/tex/latex/tools/calc.sty
Package: calc 2007/08/22 v4.3 Infix arithmetic (KKT,FJ)
\calc@Acount=\count114
\calc@Bcount=\count115
\calc@Adimen=\dimen122
\calc@Bdimen=\dimen123
\calc@Askip=\skip48
\calc@Bskip=\skip49
LaTeX Info: Redefining \setlength on input line 76.
LaTeX Info: Redefining \addtolength on input line 77.
\calc@Ccount=\count116
\calc@Cskip=\skip50
)
(/usr/share/texmf-texlive/tex/latex/fancyhdr/fancyhdr.sty
\fancy@headwidth=\skip51
\f@ncyO@elh=\skip52
\f@ncyO@erh=\skip53
\f@ncyO@olh=\skip54
\f@ncyO@orh=\skip55
\f@ncyO@elf=\skip56
\f@ncyO@erf=\skip57
\f@ncyO@olf=\skip58
\f@ncyO@orf=\skip59
)
(/usr/share/texmf-texlive/tex/latex/tools/longtable.sty
Package: longtable 2004/02/01 v4.11 Multi-page Table package (DPC)
\LTleft=\skip60
\LTright=\skip61
\LTpre=\skip62
\LTpost=\skip63
\LTchunksize=\count117
\LTcapwidth=\dimen124
\LT@head=\box56
\LT@firsthead=\box57
\LT@foot=\box58
\LT@lastfoot=\box59
\LT@cols=\count118
\LT@rows=\count119
\c@LT@tables=\count120
\c@LT@chunks=\count121
\LT@p@ftn=\toks23
)
(/usr/share/texmf-texlive/tex/latex/tools/verbatim.sty
Package: verbatim 2003/08/22 v1.5q LaTeX2e package for verbatim enhancements
\every@verbatim=\toks24
\verbatim@line=\toks25
\verbatim@in@stream=\read1
)
(/usr/share/texmf-texlive/tex/latex/sectsty/sectsty.sty
Package: sectsty 2002/02/25 v2.0.2 Commands to change all sectional heading sty
les
)
(/usr/share/texmf-texlive/tex/latex/tocloft/tocloft.sty
Package: tocloft 2009/09/04 v2.3d parameterised ToC, etc., typesetting


Package tocloft Note: The document has chapter divisions.

\cftparskip=\skip64
\cftbeforetoctitleskip=\skip65
\cftaftertoctitleskip=\skip66
\cftbeforepartskip=\skip67
\cftpartnumwidth=\skip68
\cftpartindent=\skip69
\cftbeforechapskip=\skip70
\cftchapindent=\skip71
\cftchapnumwidth=\skip72
\cftbeforesecskip=\skip73
\cftsecindent=\skip74
\cftsecnumwidth=\skip75
\cftbeforesubsecskip=\skip76
\cftsubsecindent=\skip77
\cftsubsecnumwidth=\skip78
\cftbeforesubsubsecskip=\skip79
\cftsubsubsecindent=\skip80
\cftsubsubsecnumwidth=\skip81
\cftbeforeparaskip=\skip82
\cftparaindent=\skip83
\cftparanumwidth=\skip84
\cftbeforesubparaskip=\skip85
\cftsubparaindent=\skip86
\cftsubparanumwidth=\skip87
\cftbeforeloftitleskip=\skip88
\cftafterloftitleskip=\skip89
\cftbeforefigskip=\skip90
\cftfigindent=\skip91
\cftfignumwidth=\skip92
\c@lofdepth=\count122
\c@lotdepth=\count123
\cftbeforelottitleskip=\skip93
\cftafterlottitleskip=\skip94
\cftbeforetabskip=\skip95
\cfttabindent=\skip96
\cfttabnumwidth=\skip97
)
\tmplength=\skip98
 (/usr/share/texmf-texlive/tex/latex/base/fontenc.sty
Package: fontenc 2005/09/27 v1.99g Standard LaTeX package

(/usr/share/texmf-texlive/tex/latex/base/t1enc.def
File: t1enc.def 2005/09/27 v1.99g Standard LaTeX file
LaTeX Font Info:    Redeclaring font encoding T1 on input line 43.
)))
(/usr/share/texmf-texlive/tex/latex/listings/lstlang1.sty
File: lstlang1.sty 2004/09/05 1.3 listings language file
)
(/usr/share/texmf-texlive/tex/latex/listings/lstlang1.sty
File: lstlang1.sty 2004/09/05 1.3 listings language file
)
(/usr/share/texmf-texlive/tex/latex/listings/lstmisc.sty
File: lstmisc.sty 2007/02/22 1.4 (Carsten Heinz)
)
\@indexfile=\write3
\openout3 = `refman.idx'.


Writing index file refman.idx
(./refman.aux)
\openout1 = `refman.aux'.

LaTeX Font Info:    Checking defaults for OML/cmm/m/it on input line 38.
LaTeX Font Info:    ... okay on input line 38.
LaTeX Font Info:    Checking defaults for T1/cmr/m/n on input line 38.
LaTeX Font Info:    ... okay on input line 38.
LaTeX Font Info:    Checking defaults for OT1/cmr/m/n on input line 38.
LaTeX Font Info:    ... okay on input line 38.
LaTeX Font Info:    Checking defaults for OMS/cmsy/m/n on input line 38.
LaTeX Font Info:    ... okay on input line 38.
LaTeX Font Info:    Checking defaults for OMX/cmex/m/n on input line 38.
LaTeX Font Info:    ... okay on input line 38.
LaTeX Font Info:    Checking defaults for U/cmr/m/n on input line 38.
LaTeX Font Info:    ... okay on input line 38.
LaTeX Font Info:    Checking defaults for TS1/cmr/m/n on input line 38.
LaTeX Font Info:    Try loading font information for TS1+cmr on input line 38.
 (/usr/share/texmf-texlive/tex/latex/base/ts1cmr.fd
File: ts1cmr.fd 1999/05/25 v2.5h Standard LaTeX font definitions
)
LaTeX Font Info:    ... okay on input line 38.
LaTeX Font Info:    Checking defaults for PD1/pdf/m/n on input line 38.
LaTeX Font Info:    ... okay on input line 38.
LaTeX Font Info:    Checking defaults for PU/pdf/m/n on input line 38.
LaTeX Font Info:    ... okay on input line 38.
LaTeX Font Info:    Try loading font information for T1+ptm on input line 38.

(/usr/share/texmf-texlive/tex/latex/psnfss/t1ptm.fd
File: t1ptm.fd 2001/06/04 font definitions for T1/ptm.
)
(/usr/share/texmf-texlive/tex/context/base/supp-pdf.mkii
[Loading MPS to PDF converter (version 2006.09.02).]
\scratchcounter=\count124
\scratchdimen=\dimen125
\scratchbox=\box60
\nofMPsegments=\count125
\nofMParguments=\count126
\everyMPshowfont=\toks26
\MPscratchCnt=\count127
\MPscratchDim=\dimen126
\MPnumerator=\count128
\everyMPtoPDFconversion=\toks27
)
\c@lstlisting=\count129
Package hyperref Info: Link coloring ON on input line 38.
 (/usr/share/texmf-texlive/tex/latex/hyperref/nameref.sty
Package: nameref 2007/05/29 v2.31 Cross-referencing by name of section

(/usr/share/texmf-texlive/tex/latex/oberdiek/refcount.sty
Package: refcount 2008/08/11 v3.1 Data extraction from references (HO)
)
\c@section@level=\count130
)
LaTeX Info: Redefining \ref on input line 38.
LaTeX Info: Redefining \pageref on input line 38.
 (./refman.out)
(./refman.out)
\@outlinefile=\write4
\openout4 = `refman.out'.

\AtBeginShipoutBox=\box61
\big@size=\dimen127
Package hyperref Info: Option `pageanchor' set `false' on input line 39.
 [1


{/var/lib/texmf/fonts/map/pdftex/updmap/pdftex.map}] [2

]
LaTeX Font Info:    Font shape `T1/ptm/bx/n' in size <24.88> not available
(Font)              Font shape `T1/ptm/b/n' tried instead on input line 52.

(./refman.toc
LaTeX Font Info:    Font shape `T1/ptm/bx/n' in size <10> not available
(Font)              Font shape `T1/ptm/b/n' tried instead on input line 1.
LaTeX Font Info:    Try loading font information for OT1+ztmcm on input line 1.

 (/usr/share/texmf-texlive/tex/latex/psnfss/ot1ztmcm.fd
File: ot1ztmcm.fd 2000/01/03 Fontinst v1.801 font definitions for OT1/ztmcm.
)
LaTeX Font Info:    Try loading font information for OML+ztmcm on input line 1.


(/usr/share/texmf-texlive/tex/latex/psnfss/omlztmcm.fd
File: omlztmcm.fd 2000/01/03 Fontinst v1.801 font definitions for OML/ztmcm.
)
LaTeX Font Info:    Try loading font information for OMS+ztmcm on input line 1.


(/usr/share/texmf-texlive/tex/latex/psnfss/omsztmcm.fd
File: omsztmcm.fd 2000/01/03 Fontinst v1.801 font definitions for OMS/ztmcm.
)
LaTeX Font Info:    Try loading font information for OMX+ztmcm on input line 1.


(/usr/share/texmf-texlive/tex/latex/psnfss/omxztmcm.fd
File: omxztmcm.fd 2000/01/03 Fontinst v1.801 font definitions for OMX/ztmcm.
)
LaTeX Font Info:    Try loading font information for OT1+ptm on input line 1.

(/usr/share/texmf-texlive/tex/latex/psnfss/ot1ptm.fd
File: ot1ptm.fd 2001/06/04 font definitions for OT1/ptm.
)
LaTeX Font Info:    Font shape `OT1/ptm/bx/n' in size <10> not available
(Font)              Font shape `OT1/ptm/b/n' tried instead on input line 1.
LaTeX Font Info:    Font shape `OT1/ptm/bx/n' in size <7.4> not available
(Font)              Font shape `OT1/ptm/b/n' tried instead on input line 1.
LaTeX Font Info:    Font shape `OT1/ptm/bx/n' in size <6> not available
(Font)              Font shape `OT1/ptm/b/n' tried instead on input line 1.
 [1]
LaTeX Font Info:    Font shape `T1/ptm/bx/n' in size <7> not available
(Font)              Font shape `T1/ptm/b/n' tried instead on input line 86.
 [2] [3] [4] [5]
[6])
\tf@toc=\write5
\openout5 = `refman.toc'.

 [7] [8

]
Package hyperref Info: Option `pageanchor' set `true' on input line 55.

Chapter 1.
LaTeX Font Info:    Font shape `T1/ptm/bx/n' in size <20.74> not available
(Font)              Font shape `T1/ptm/b/n' tried instead on input line 56.
LaTeX Font Info:    Try loading font information for OT1+phv on input line 56.
(/usr/share/texmf-texlive/tex/latex/psnfss/ot1phv.fd
File: ot1phv.fd 2001/06/04 scalable font definitions for OT1/phv.
)
LaTeX Font Info:    Font shape `OT1/phv/bc/n' will be
(Font)              scaled to size 18.66588pt on input line 56.
LaTeX Font Info:    Font shape `OT1/phv/bc/n' will be
(Font)              scaled to size 22.39185pt on input line 56.
 (./index.tex
LaTeX Font Info:    Font shape `T1/ptm/bx/n' in size <14.4> not available
(Font)              Font shape `T1/ptm/b/n' tried instead on input line 1.
LaTeX Font Info:    Font shape `OT1/phv/bc/n' will be
(Font)              scaled to size 12.9599pt on input line 1.
LaTeX Font Info:    Font shape `T1/ptm/bx/n' in size <12> not available
(Font)              Font shape `T1/ptm/b/n' tried instead on input line 3.
LaTeX Font Info:    Font shape `OT1/phv/bc/n' will be
(Font)              scaled to size 10.79993pt on input line 3.

Underfull \vbox (badness 2772) has occurred while \output is active []

 [1

])
[2]
Chapter 2.
(./todo.tex) [3

] [4

]
Chapter 3.
(./hierarchy.tex [5]) [6]
Chapter 4.
(./annotated.tex [7

]) [8]
Chapter 5.
(./files.tex

LaTeX Warning: Reference `container_8cpp' on page 9 undefined on input line 7.


LaTeX Warning: Reference `container_8h' on page 9 undefined on input line 8.


LaTeX Warning: Reference `controller_8cpp' on page 9 undefined on input line 9.



LaTeX Warning: Reference `disegna_8cpp' on page 9 undefined on input line 11.


LaTeX Warning: Reference `draw__evolv_8cpp' on page 9 undefined on input line 1
2.


LaTeX Warning: Reference `ecosystem_8cpp' on page 9 undefined on input line 13.



LaTeX Warning: Reference `fill__random__draw_8cpp' on page 9 undefined on input
 line 18.


LaTeX Warning: Reference `fill__random__result_8cpp' on page 9 undefined on inp
ut line 19.


LaTeX Warning: Reference `fill__stream__draw_8cpp' on page 9 undefined on input
 line 20.


LaTeX Warning: Reference `fill__stream__result_8cpp' on page 9 undefined on inp
ut line 21.


LaTeX Warning: Reference `grafico_8cpp' on page 9 undefined on input line 24.


LaTeX Warning: Reference `grafico_8hpp' on page 9 undefined on input line 25.


LaTeX Warning: Reference `individualvegetable_8cpp' on page 9 undefined on inpu
t line 28.


LaTeX Warning: Reference `like_8cpp' on page 9 undefined on input line 30.


LaTeX Warning: Reference `like_8h' on page 9 undefined on input line 31.


LaTeX Warning: Reference `main_8cpp' on page 9 undefined on input line 32.

[9

]

LaTeX Warning: Reference `mainpage_8cpp' on page 10 undefined on input line 33.



LaTeX Warning: Reference `populationvariation_8hpp' on page 10 undefined on inp
ut line 35.


LaTeX Warning: Reference `specied_8cpp' on page 10 undefined on input line 36.


LaTeX Warning: Reference `speciescontroller_8cpp' on page 10 undefined on input
 line 38.


LaTeX Warning: Reference `speciesinfo_8cpp' on page 10 undefined on input line 
40.


LaTeX Warning: Reference `step_8cpp' on page 10 undefined on input line 42.


LaTeX Warning: Reference `step__log_8cpp' on page 10 undefined on input line 43
.


LaTeX Warning: Reference `steplog_8hpp' on page 10 undefined on input line 44.


LaTeX Warning: Reference `test__like__operators_8cpp' on page 10 undefined on i
nput line 47.


LaTeX Warning: Reference `time_8cpp' on page 10 undefined on input line 48.


LaTeX Warning: Reference `vivent_8cpp' on page 10 undefined on input line 52.

) [10]
Chapter 6.
(./classAbstractClock.tex
LaTeX Font Info:    Try loading font information for T1+pcr on input line 12.
 (/usr/share/texmf-texlive/tex/latex/psnfss/t1pcr.fd
File: t1pcr.fd 2001/06/04 font definitions for T1/pcr.
)
<classAbstractClock.pdf, id=1881, 501.875pt x 405.55516pt>
File: classAbstractClock.pdf Graphic file (type pdf)

<use classAbstractClock.pdf>
LaTeX Font Info:    Try loading font information for TS1+ptm on input line 23.

(/usr/share/texmf-texlive/tex/latex/psnfss/ts1ptm.fd
File: ts1ptm.fd 2001/06/04 font definitions for TS1/ptm.
)
LaTeX Font Info:    Font shape `OT1/phv/bc/n' will be
(Font)              scaled to size 8.99994pt on input line 42.
LaTeX Font Info:    Font shape `OT1/phv/bc/it' in size <10> not available
(Font)              Font shape `OT1/phv/bc/sl' tried instead on input line 42.
LaTeX Font Info:    Font shape `OT1/phv/bc/sl' will be
(Font)              scaled to size 8.99994pt on input line 42.
LaTeX Font Info:    Try loading font information for OT1+pcr on input line 42.

(/usr/share/texmf-texlive/tex/latex/psnfss/ot1pcr.fd
File: ot1pcr.fd 2001/06/04 font definitions for OT1/pcr.
)

LaTeX Font Warning: Font shape `OT1/pcr/bc/it' undefined
(Font)              using `OT1/pcr/m/n' instead on input line 42.


LaTeX Font Warning: Font shape `OT1/pcr/bc/n' undefined
(Font)              using `OT1/pcr/m/n' instead on input line 42.

[11

 <./classAbstractClock.pdf>]) (./classAnimal.tex
<classAnimal.pdf, id=1900, 501.875pt x 896.2082pt>
File: classAnimal.pdf Graphic file (type pdf)
 <use classAnimal.pdf>
[12 <./classAnimal.pdf>]

Package hyperref Warning: Token not allowed in a PDF string (Unicode):
(hyperref)                removing `math shift' on input line 78.


Package hyperref Warning: Token not allowed in a PDF string (Unicode):
(hyperref)                removing `\sim' on input line 78.


Package hyperref Warning: Token not allowed in a PDF string (Unicode):
(hyperref)                removing `math shift' on input line 78.

[13]) (./structchange__animal__appetite.tex) (./structchange__animal__hp.tex
[14]) (./structchange__animal__libido.tex [15]) (./classClock.tex
<classClock.pdf, id=1977, 501.875pt x 405.55516pt>
File: classClock.pdf Graphic file (type pdf)
 <use classClock.pdf>
[16 <./classClock.pdf>]
Overfull \hbox (21.88861pt too wide) in alignment at lines 100--105
 [] [] 
 []


Underfull \vbox (badness 10000) detected at line 105
 []

[17]) (./classeco_1_1Container.tex
<classeco_1_1Container.pdf, id=2018, 501.875pt x 74.34776pt>
File: classeco_1_1Container.pdf Graphic file (type pdf)

<use classeco_1_1Container.pdf>
Overfull \hbox (39.14754pt too wide) in paragraph at lines 16--18
 [] 
 []

[18 <./classeco_1_1Container.pdf>]) (./classController.tex
<classController.pdf, id=2043, 501.875pt x 331.81966pt>
File: classController.pdf Graphic file (type pdf)

<use classController.pdf> [19 <./classController.pdf>]) (./classDateOfBirth.tex
[20] [21]) (./structSubsystemContainer_1_1eat.tex)
(./classEcosystemContainer.tex
<classEcosystemContainer.pdf, id=2100, 501.875pt x 297.41112pt>
File: classEcosystemContainer.pdf Graphic file (type pdf)

<use classEcosystemContainer.pdf> [22 <./classEcosystemContainer.pdf>]
Overfull \hbox (29.16597pt too wide) in paragraph at lines 63--64
[]\T1/ptm/m/n/10 void [][]draw_-evolv_-fast[][] (const un-signed int steps, std
::string options=std::string("refresh_-
 []

[23]
Underfull \hbox (badness 10000) in paragraph at lines 90--91

 []


Overfull \hbox (19.84656pt too wide) in paragraph at lines 94--95
[]\T1/ptm/m/n/10 void [][]m_-dead[][] ([][]SubsystemContainer::an_-eat_-it[][] 
dead_-an, [][]SubsystemContainer::index_-
 []


Overfull \hbox (19.84656pt too wide) in paragraph at lines 96--97
[]\T1/ptm/m/n/10 void [][]m_-dead[][] ([][]SubsystemContainer::an_-eat_-it[][] 
dead_-an, [][]SubsystemContainer::index_-
 []


Overfull \hbox (15.96667pt too wide) in paragraph at lines 98--99
[]\T1/ptm/m/n/10 void [][]m_-dead[][] ([][]SubsystemContainer::an_-id_-it[][] d
ead_-an, [][]SubsystemContainer::index_-
 []


Overfull \hbox (15.96667pt too wide) in paragraph at lines 100--101
[]\T1/ptm/m/n/10 void [][]m_-dead[][] ([][]SubsystemContainer::an_-id_-it[][] d
ead_-an, [][]SubsystemContainer::index_-
 []

[24]
Overfull \hbox (48.16652pt too wide) in paragraph at lines 102--103
[]\T1/ptm/m/n/10 void [][]m_-dead[][] ([][]SubsystemContainer::an_-reproduce_-i
t[][] dead_-an, [][]SubsystemContainer::index_-
 []


Overfull \hbox (48.16652pt too wide) in paragraph at lines 104--105
[]\T1/ptm/m/n/10 void [][]m_-dead[][] ([][]SubsystemContainer::an_-reproduce_-i
t[][] dead_-an, [][]SubsystemContainer::index_-
 []

[25] [26]
Overfull \hbox (21.88861pt too wide) in alignment at lines 231--234
 [] [] 
 []


Underfull \vbox (badness 10000) detected at line 234
 []


Overfull \hbox (21.88861pt too wide) in alignment at lines 257--262
 [] [] 
 []


Underfull \vbox (badness 10000) detected at line 262
 []


Overfull \hbox (21.88861pt too wide) in alignment at lines 288--293
 [] [] 
 []


Underfull \vbox (badness 10000) detected at line 293
 []


Underfull \vbox (badness 10000) has occurred while \output is active []

 [27]
Overfull \hbox (21.88861pt too wide) in alignment at lines 334--337
 [] [] 
 []


Underfull \vbox (badness 10000) detected at line 337
 []


Overfull \hbox (21.88861pt too wide) in alignment at lines 359--362
 [] [] 
 []


Underfull \vbox (badness 10000) detected at line 362
 []

[28]
Overfull \hbox (21.88861pt too wide) in alignment at lines 386--393
 [] [] 
 []


Underfull \vbox (badness 10000) detected at line 393
 []


Overfull \hbox (21.88861pt too wide) in alignment at lines 417--424
 [] [] 
 []


Underfull \vbox (badness 10000) detected at line 424
 []

[29]
Overfull \hbox (21.88861pt too wide) in alignment at lines 490--495
 [] [] 
 []


Underfull \vbox (badness 10000) detected at line 495
 []


Overfull \hbox (21.88861pt too wide) in alignment at lines 515--520
 [] [] 
 []


Underfull \vbox (badness 10000) detected at line 520
 []


Overfull \hbox (21.88861pt too wide) in alignment at lines 540--545
 [] [] 
 []


Underfull \vbox (badness 10000) detected at line 545
 []


Overfull \hbox (21.88861pt too wide) in alignment at lines 568--579
 [] [] 
 []


Underfull \vbox (badness 10000) detected at line 579
 []

[30]
Overfull \hbox (21.88861pt too wide) in alignment at lines 602--613
 [] [] 
 []


Underfull \vbox (badness 10000) detected at line 613
 []


Overfull \hbox (21.88861pt too wide) in alignment at lines 636--647
 [] [] 
 []


Underfull \vbox (badness 10000) detected at line 647
 []

[31]
Overfull \hbox (21.88861pt too wide) in alignment at lines 678--685
 [] [] 
 []


Underfull \vbox (badness 10000) detected at line 685
 []


Overfull \hbox (21.88861pt too wide) in alignment at lines 720--729
 [] [] 
 []


Underfull \vbox (badness 10000) detected at line 729
 []


Underfull \vbox (badness 10000) has occurred while \output is active []

 [32]
Overfull \hbox (21.88861pt too wide) in alignment at lines 755--764
 [] [] 
 []


Underfull \vbox (badness 10000) detected at line 764
 []


Overfull \hbox (21.88861pt too wide) in alignment at lines 792--801
 [] [] 
 []


Underfull \vbox (badness 10000) detected at line 801
 []

[33]
Overfull \hbox (21.88861pt too wide) in alignment at lines 845--850
 [] [] 
 []


Underfull \vbox (badness 10000) detected at line 850
 []

[34]
Overfull \hbox (21.88861pt too wide) in alignment at lines 940--945
 [] [] 
 []


Underfull \vbox (badness 10000) detected at line 945
 []


Overfull \hbox (21.88861pt too wide) in alignment at lines 965--970
 [] [] 
 []


Underfull \vbox (badness 10000) detected at line 970
 []

[35]) (./classExistance.tex
<classExistance.pdf, id=2368, 501.875pt x 383.1113pt>
File: classExistance.pdf Graphic file (type pdf)
 <use classExistance.pdf>
Overfull \hbox (7.07683pt too wide) in paragraph at lines 29--31
[][][]\T1/ptm/m/n/10 Existance[][] ([][]Da-te-Of-Birth[][] u_-birth_-date=[][]D
ateOfBirth[][](0, 0), [][]id_-type[][] u_-id_-number=0)
 []

[36 <./classExistance.pdf>] [37] [38]) (./classGender.tex [39]
LaTeX Font Info:    Font shape `OT1/ptm/bx/n' in size <9> not available
(Font)              Font shape `OT1/ptm/b/n' tried instead on input line 61.
LaTeX Font Info:    Font shape `OT1/ptm/bx/n' in size <7> not available
(Font)              Font shape `OT1/ptm/b/n' tried instead on input line 61.
LaTeX Font Info:    Font shape `OT1/ptm/bx/n' in size <5> not available
(Font)              Font shape `OT1/ptm/b/n' tried instead on input line 61.
 [40]
Overfull \hbox (21.88861pt too wide) in alignment at lines 137--140
 [] [] 
 []


Underfull \vbox (badness 10000) detected at line 140
 []


Overfull \hbox (21.88861pt too wide) in alignment at lines 162--165
 [] [] 
 []


Underfull \vbox (badness 10000) detected at line 165
 []


Overfull \hbox (21.88861pt too wide) in alignment at lines 184--187
 [] [] 
 []


Underfull \vbox (badness 10000) detected at line 187
 []


Underfull \vbox (badness 10000) has occurred while \output is active []

 [41]

Package hyperref Warning: Token not allowed in a PDF string (Unicode):
(hyperref)                removing `math shift' on input line 220.


Package hyperref Warning: Token not allowed in a PDF string (Unicode):
(hyperref)                removing `math shift' on input line 220.


Package hyperref Warning: Token not allowed in a PDF string (Unicode):
(hyperref)                removing `math shift' on input line 220.


Package hyperref Warning: Token not allowed in a PDF string (Unicode):
(hyperref)                removing `math shift' on input line 220.

) (./classGrafico.tex [42]) (./structSubsystemContainer_1_1id.tex)
(./classIndividualAnimal.tex
<classIndividualAnimal.pdf, id=2513, 501.875pt x 896.2082pt>
File: classIndividualAnimal.pdf Graphic file (type pdf)

<use classIndividualAnimal.pdf> [43 <./classIndividualAnimal.pdf>] [44]

Package hyperref Warning: Token not allowed in a PDF string (Unicode):
(hyperref)                removing `math shift' on input line 99.


Package hyperref Warning: Token not allowed in a PDF string (Unicode):
(hyperref)                removing `\sim' on input line 99.


Package hyperref Warning: Token not allowed in a PDF string (Unicode):
(hyperref)                removing `math shift' on input line 99.


Package hyperref Warning: Token not allowed in a PDF string (Unicode):
(hyperref)                removing `math shift' on input line 120.


Package hyperref Warning: Token not allowed in a PDF string (Unicode):
(hyperref)                removing `math shift' on input line 120.


Package hyperref Warning: Token not allowed in a PDF string (Unicode):
(hyperref)                removing `math shift' on input line 120.


Package hyperref Warning: Token not allowed in a PDF string (Unicode):
(hyperref)                removing `math shift' on input line 120.

[45]) (./classIndividualVegetable.tex
<classIndividualVegetable.pdf, id=2562, 501.875pt x 766.22258pt>
File: classIndividualVegetable.pdf Graphic file (type pdf)

<use classIndividualVegetable.pdf>
Underfull \hbox (badness 10000) in paragraph at lines 36--37

 []

[46 <./classIndividualVegetable.pdf>]

Package hyperref Warning: Token not allowed in a PDF string (Unicode):
(hyperref)                removing `math shift' on input line 56.


Package hyperref Warning: Token not allowed in a PDF string (Unicode):
(hyperref)                removing `math shift' on input line 56.


Package hyperref Warning: Token not allowed in a PDF string (Unicode):
(hyperref)                removing `math shift' on input line 56.


Package hyperref Warning: Token not allowed in a PDF string (Unicode):
(hyperref)                removing `math shift' on input line 56.

) (./structLike.tex <structLike.pdf, id=2585, 501.875pt x 393.6306pt>
File: structLike.pdf Graphic file (type pdf)

<use structLike.pdf> [47 <./structLike.pdf>] [48]
Overfull \hbox (21.88861pt too wide) in alignment at lines 95--100
 [] [] 
 []


Underfull \vbox (badness 10000) detected at line 100
 []

) (./structLikeFactorCmp.tex [49]) (./structLikeRefCmp.tex)
(./structPopulationVariation.tex [50] [51])
(./structSubsystemContainer_1_1reproduction.tex)
(./structSubsystemContainer_1_1spec__id.tex) (./classSpecied.tex [52]
<classSpecied.pdf, id=2689, 501.875pt x 383.1113pt>
File: classSpecied.pdf Graphic file (type pdf)
 <use classSpecied.pdf>
[53 <./classSpecied.pdf>] [54]

Package hyperref Warning: Token not allowed in a PDF string (Unicode):
(hyperref)                removing `math shift' on input line 125.


Package hyperref Warning: Token not allowed in a PDF string (Unicode):
(hyperref)                removing `\sim' on input line 125.


Package hyperref Warning: Token not allowed in a PDF string (Unicode):
(hyperref)                removing `math shift' on input line 125.

[55] [56] [57]) (./classSpeciesController.tex
<classSpeciesController.pdf, id=2775, 501.875pt x 331.81966pt>
File: classSpeciesController.pdf Graphic file (type pdf)

<use classSpeciesController.pdf> [58 <./classSpeciesController.pdf>]
Overfull \hbox (4.32703pt too wide) in paragraph at lines 53--54
[]\T1/ptm/m/n/10 int [][]get_-like_-factor[][] (const un-signed int predator_-s
pec_-id, const un-signed int prey_-
 []

[59] [60] [61]
Overfull \hbox (21.88861pt too wide) in alignment at lines 263--268
 [] [] 
 []


Underfull \vbox (badness 10000) detected at line 268
 []

[62]
Overfull \hbox (21.88861pt too wide) in alignment at lines 315--320
 [] [] 
 []


Underfull \vbox (badness 10000) detected at line 320
 []


Package hyperref Warning: Token not allowed in a PDF string (Unicode):
(hyperref)                removing `math shift' on input line 342.


Package hyperref Warning: Token not allowed in a PDF string (Unicode):
(hyperref)                removing `math shift' on input line 342.


Package hyperref Warning: Token not allowed in a PDF string (Unicode):
(hyperref)                removing `math shift' on input line 342.


Package hyperref Warning: Token not allowed in a PDF string (Unicode):
(hyperref)                removing `math shift' on input line 342.

[63]

Package hyperref Warning: Token not allowed in a PDF string (Unicode):
(hyperref)                removing `math shift' on input line 363.


Package hyperref Warning: Token not allowed in a PDF string (Unicode):
(hyperref)                removing `math shift' on input line 363.


Package hyperref Warning: Token not allowed in a PDF string (Unicode):
(hyperref)                removing `math shift' on input line 363.


Package hyperref Warning: Token not allowed in a PDF string (Unicode):
(hyperref)                removing `math shift' on input line 363.

) (./structSpeciesInfo.tex
<structSpeciesInfo.pdf, id=2882, 501.875pt x 393.6306pt>
File: structSpeciesInfo.pdf Graphic file (type pdf)

<use structSpeciesInfo.pdf> [64 <./structSpeciesInfo.pdf>]
Overfull \hbox (13.5662pt too wide) in paragraph at lines 46--48
[]\T1/ptm/m/n/10 typedef likings_-by_-lk_-factor_-tp::const_-iterator [][]likin
gs_-by_-lk_-factor_-const_-iterator[][]
 []


Overfull \hbox (10.13641pt too wide) in paragraph at lines 54--56
[][][]\T1/ptm/m/n/10 SpeciesInfo[][] (un-signed int u_-species_-id=0, std::stri
ng u_-species_-name="no_-name",
 []

[65] [66] [67]
Overfull \hbox (21.88861pt too wide) in alignment at lines 200--203
 [] [] 
 []


Underfull \vbox (badness 10000) detected at line 203
 []


Package hyperref Warning: Token not allowed in a PDF string (Unicode):
(hyperref)                removing `math shift' on input line 240.


Package hyperref Warning: Token not allowed in a PDF string (Unicode):
(hyperref)                removing `math shift' on input line 240.


Package hyperref Warning: Token not allowed in a PDF string (Unicode):
(hyperref)                removing `math shift' on input line 240.


Package hyperref Warning: Token not allowed in a PDF string (Unicode):
(hyperref)                removing `math shift' on input line 240.


Package hyperref Warning: Token not allowed in a PDF string (Unicode):
(hyperref)                removing `math shift' on input line 258.


Package hyperref Warning: Token not allowed in a PDF string (Unicode):
(hyperref)                removing `math shift' on input line 258.


Package hyperref Warning: Token not allowed in a PDF string (Unicode):
(hyperref)                removing `math shift' on input line 258.


Package hyperref Warning: Token not allowed in a PDF string (Unicode):
(hyperref)                removing `math shift' on input line 258.

[68] [69] [70]) (./structStepLog.tex [71]) (./classSubsystemContainer.tex
<classSubsystemContainer.pdf, id=3016, 501.875pt x 297.41112pt>
File: classSubsystemContainer.pdf Graphic file (type pdf)

<use classSubsystemContainer.pdf> [72 <./classSubsystemContainer.pdf>]
Overfull \hbox (2.2376pt too wide) in paragraph at lines 34--35
[]\T1/ptm/m/n/10 typedef multi_-index_-container$\OML/ztmcm/m/it/10 <$ [][]\T1/
ptm/m/n/10 In-di-vid-u-alAn-i-mal[][], indexed_-by$\OML/ztmcm/m/it/10 <$ \T1/pt
m/m/n/10 ordered_-non_-
 []


Overfull \hbox (18.24684pt too wide) in paragraph at lines 34--35
\T1/ptm/m/n/10 unique$\OML/ztmcm/m/it/10 <$ \T1/ptm/m/n/10 tag$\OML/ztmcm/m/it/
10 <$ [][]\T1/ptm/m/n/10 eat[][] $\OML/ztmcm/m/it/10 >$\T1/ptm/m/n/10 , composi
te_-key$\OML/ztmcm/m/it/10 <$ [][]\T1/ptm/m/n/10 In-di-vid-u-alAn-i-mal[][], co
nst_-mem_-fun$\OML/ztmcm/m/it/10 <$ [][]\T1/ptm/m/n/10 Specied[][],
 []


Overfull \hbox (109.30537pt too wide) in paragraph at lines 34--35
\T1/ptm/m/n/10 signed int,&IndividualAnimal::species_-id $\OML/ztmcm/m/it/10 >$
\T1/ptm/m/n/10 , const_-mem_-fun$\OML/ztmcm/m/it/10 <$ [][]\T1/ptm/m/n/10 Viven
t[][], [][]Gen-der[][],&IndividualAnimal::gender
 []


Overfull \hbox (14.807pt too wide) in paragraph at lines 34--35
\OML/ztmcm/m/it/10 >$\T1/ptm/m/n/10 , const_-mem_-fun$\OML/ztmcm/m/it/10 <$ [][
]\T1/ptm/m/n/10 Vivent[][], un-signed int,&IndividualAnimal::hp $\OML/ztmcm/m/i
t/10 >$ $>$ $>$\T1/ptm/m/n/10 , ordered_-
 []


Overfull \hbox (55.50589pt too wide) in paragraph at lines 34--35
\T1/ptm/m/n/10 unique$\OML/ztmcm/m/it/10 <$ \T1/ptm/m/n/10 tag$\OML/ztmcm/m/it/
10 <$ [][]\T1/ptm/m/n/10 id[][] $\OML/ztmcm/m/it/10 >$\T1/ptm/m/n/10 , const_-m
em_-fun$\OML/ztmcm/m/it/10 <$ [][]\T1/ptm/m/n/10 Ex-is-tance[][], [][]Existance
::id_-type[][],&IndividualAnimal::id_-
 []


Overfull \hbox (1.73758pt too wide) in paragraph at lines 34--35
\T1/ptm/m/n/10 number $\OML/ztmcm/m/it/10 >$ $>$\T1/ptm/m/n/10 , ordered_-non_-
unique$\OML/ztmcm/m/it/10 <$ \T1/ptm/m/n/10 tag$\OML/ztmcm/m/it/10 <$ [][]\T1/p
tm/m/n/10 spec_-id[][] $\OML/ztmcm/m/it/10 >$\T1/ptm/m/n/10 , const_-mem_-fun$\
OML/ztmcm/m/it/10 <$ [][]\T1/ptm/m/n/10 Specied[][],
 []

[73]
Overfull \hbox (2.50659pt too wide) in paragraph at lines 96--97
\T1/ptm/m/n/10 fun$\OML/ztmcm/m/it/10 <$ [][]\T1/ptm/m/n/10 Specied[][], un-sig
ned int,&IndividualAnimal::species_-id $\OML/ztmcm/m/it/10 >$\T1/ptm/m/n/10 , c
onst_-mem_-fun$\OML/ztmcm/m/it/10 <$
 []


Overfull \hbox (1.73758pt too wide) in paragraph at lines 96--97
\T1/ptm/m/n/10 number $\OML/ztmcm/m/it/10 >$ $>$\T1/ptm/m/n/10 , ordered_-non_-
unique$\OML/ztmcm/m/it/10 <$ \T1/ptm/m/n/10 tag$\OML/ztmcm/m/it/10 <$ [][]\T1/p
tm/m/n/10 spec_-id[][] $\OML/ztmcm/m/it/10 >$\T1/ptm/m/n/10 , const_-mem_-fun$\
OML/ztmcm/m/it/10 <$ [][]\T1/ptm/m/n/10 Specied[][],
 []

[74] [75]
Overfull \hbox (3.66588pt too wide) in paragraph at lines 246--247
[]\T1/ptm/m/n/10 std::ostream & [][]operator$\OML/ztmcm/m/it/10 <$$<$[][] \T1/p
tm/m/n/10 (std::ostream &os, const [][]Sub-sys-tem-Con-tainer[][] &subc)
 []


Underfull \hbox (badness 10000) in paragraph at lines 246--247

 []

[76] [77] [78]
Overfull \hbox (21.88861pt too wide) in alignment at lines 358--363
 [] [] 
 []


Underfull \vbox (badness 10000) detected at line 363
 []


Overfull \hbox (21.88861pt too wide) in alignment at lines 385--388
 [] [] 
 []


Underfull \vbox (badness 10000) detected at line 388
 []


Overfull \hbox (21.88861pt too wide) in alignment at lines 413--418
 [] [] 
 []


Underfull \vbox (badness 10000) detected at line 418
 []

[79]
Overfull \hbox (21.88861pt too wide) in alignment at lines 440--443
 [] [] 
 []


Underfull \vbox (badness 10000) detected at line 443
 []


Overfull \hbox (21.88861pt too wide) in alignment at lines 465--468
 [] [] 
 []


Underfull \vbox (badness 10000) detected at line 468
 []


Overfull \hbox (21.88861pt too wide) in alignment at lines 507--510
 [] [] 
 []


Underfull \vbox (badness 10000) detected at line 510
 []

[80]
Overfull \hbox (21.88861pt too wide) in alignment at lines 550--553
 [] [] 
 []


Underfull \vbox (badness 10000) detected at line 553
 []


Overfull \hbox (21.88861pt too wide) in alignment at lines 572--575
 [] [] 
 []


Underfull \vbox (badness 10000) detected at line 575
 []


Package hyperref Warning: Token not allowed in a PDF string (Unicode):
(hyperref)                removing `math shift' on input line 591.


Package hyperref Warning: Token not allowed in a PDF string (Unicode):
(hyperref)                removing `math shift' on input line 591.


Package hyperref Warning: Token not allowed in a PDF string (Unicode):
(hyperref)                removing `math shift' on input line 591.


Package hyperref Warning: Token not allowed in a PDF string (Unicode):
(hyperref)                removing `math shift' on input line 591.

[81]) (./classVegetable.tex
<classVegetable.pdf, id=3239, 501.875pt x 766.22258pt>
File: classVegetable.pdf Graphic file (type pdf)

<use classVegetable.pdf> [82 <./classVegetable.pdf>]) (./classVivent.tex
<classVivent.pdf, id=3258, 501.875pt x 383.1113pt>
File: classVivent.pdf Graphic file (type pdf)
 <use classVivent.pdf>
[83 <./classVivent.pdf>]

Package hyperref Warning: Token not allowed in a PDF string (Unicode):
(hyperref)                removing `math shift' on input line 85.


Package hyperref Warning: Token not allowed in a PDF string (Unicode):
(hyperref)                removing `\sim' on input line 85.


Package hyperref Warning: Token not allowed in a PDF string (Unicode):
(hyperref)                removing `math shift' on input line 85.

[84]) [85] [86

]
Chapter 7.
(./animal_8cpp.tex) (./animal_8h.tex) (./beeings_8h.tex [87])
(./classcompares_8hpp.tex) (./controller_8h.tex [88]) (./ecosystem_8h.tex)
(./existance_8cpp.tex [89]) (./existance_8h.tex) (./fieldchangers_8hpp.tex
[90]) (./gender_8cpp.tex

Package hyperref Warning: Token not allowed in a PDF string (Unicode):
(hyperref)                removing `math shift' on input line 30.


Package hyperref Warning: Token not allowed in a PDF string (Unicode):
(hyperref)                removing `math shift' on input line 30.


Package hyperref Warning: Token not allowed in a PDF string (Unicode):
(hyperref)                removing `math shift' on input line 30.


Package hyperref Warning: Token not allowed in a PDF string (Unicode):
(hyperref)                removing `math shift' on input line 30.

) (./gender_8h.tex [91]) (./individualanimal_8cpp.tex

Package hyperref Warning: Token not allowed in a PDF string (Unicode):
(hyperref)                removing `math shift' on input line 30.


Package hyperref Warning: Token not allowed in a PDF string (Unicode):
(hyperref)                removing `math shift' on input line 30.


Package hyperref Warning: Token not allowed in a PDF string (Unicode):
(hyperref)                removing `math shift' on input line 30.


Package hyperref Warning: Token not allowed in a PDF string (Unicode):
(hyperref)                removing `math shift' on input line 30.

) (./individualanimal_8h.tex [92]) (./individualvegetable_8h.tex)
(./miscellaneus_8h.tex) (./specied_8h.tex [93]) (./speciescontroller_8h.tex)
(./speciesinfo_8h.tex [94]) (./subsystemcontainer_8cpp.tex

Package hyperref Warning: Token not allowed in a PDF string (Unicode):
(hyperref)                removing `math shift' on input line 47.


Package hyperref Warning: Token not allowed in a PDF string (Unicode):
(hyperref)                removing `math shift' on input line 47.


Package hyperref Warning: Token not allowed in a PDF string (Unicode):
(hyperref)                removing `math shift' on input line 47.


Package hyperref Warning: Token not allowed in a PDF string (Unicode):
(hyperref)                removing `math shift' on input line 47.

[95]) (./subsystemcontainer_8h.tex [96]) (./time_8h.tex [97])
(./vegetable_8cpp.tex) (./vegetable_8h.tex) (./vivent_8h.tex [98])
(./refman.ind [99] [100

] [101] [102] [103] [104

]) (./refman.aux)

LaTeX Font Warning: Some font shapes were not available, defaults substituted.


LaTeX Warning: There were undefined references.

 ) 
Here is how much of TeX's memory you used:
 11247 strings out of 495061
 180892 string characters out of 1182620
 237991 words of memory out of 3000000
 13164 multiletter control sequences out of 15000+50000
 66705 words of font info for 95 fonts, out of 3000000 for 9000
 28 hyphenation exceptions out of 8191
 41i,13n,58p,1638b,576s stack positions out of 5000i,500n,10000p,200000b,50000s
pdfTeX warning (dest): name{vivent_8h_source} has been referenced but does no
t exist, replaced by a fixed one

pdfTeX warning (dest): name{vegetable_8h_source} has been referenced but does n
ot exist, replaced by a fixed one

pdfTeX warning (dest): name{vegetable_8cpp_source} has been referenced but does
 not exist, replaced by a fixed one

pdfTeX warning (dest): name{time_8h_source} has been referenced but does not ex
ist, replaced by a fixed one

pdfTeX warning (dest): name{subsystemcontainer_8h_source} has been referenced b
ut does not exist, replaced by a fixed one

pdfTeX warning (dest): name{subsystemcontainer_8cpp_source} has been referenced
 but does not exist, replaced by a fixed one

pdfTeX warning (dest): name{speciesinfo_8h_source} has been referenced but does
 not exist, replaced by a fixed one

pdfTeX warning (dest): name{speciescontroller_8h_source} has been referenced bu
t does not exist, replaced by a fixed one

pdfTeX warning (dest): name{specied_8h_source} has been referenced but does not
 exist, replaced by a fixed one

pdfTeX warning (dest): name{miscellaneus_8h_source} has been referenced but doe
s not exist, replaced by a fixed one

pdfTeX warning (dest): name{individualvegetable_8h_source} has been referenced 
but does not exist, replaced by a fixed one

pdfTeX warning (dest): name{individualanimal_8h_source} has been referenced but
 does not exist, replaced by a fixed one

pdfTeX warning (dest): name{individualanimal_8cpp_source} has been referenced b
ut does not exist, replaced by a fixed one

pdfTeX warning (dest): name{gender_8h_source} has been referenced but does not 
exist, replaced by a fixed one

pdfTeX warning (dest): name{gender_8cpp_source} has been referenced but does no
t exist, replaced by a fixed one

pdfTeX warning (dest): name{fieldchangers_8hpp_source} has been referenced but 
does not exist, replaced by a fixed one

pdfTeX warning (dest): name{existance_8h_source} has been referenced but does n
ot exist, replaced by a fixed one

pdfTeX warning (dest): name{existance_8cpp_source} has been referenced but does
 not exist, replaced by a fixed one

pdfTeX warning (dest): name{ecosystem_8h_source} has been referenced but does n
ot exist, replaced by a fixed one

pdfTeX warning (dest): name{controller_8h_source} has been referenced but does 
not exist, replaced by a fixed one

pdfTeX warning (dest): name{classcompares_8hpp_source} has been referenced but 
does not exist, replaced by a fixed one

pdfTeX warning (dest): name{beeings_8h_source} has been referenced but does not
 exist, replaced by a fixed one

pdfTeX warning (dest): name{animal_8h_source} has been referenced but does not 
exist, replaced by a fixed one

pdfTeX warning (dest): name{animal_8cpp_source} has been referenced but does no
t exist, replaced by a fixed one

{/usr/share/texmf-texlive/fonts/enc/dvips/base/8r.enc}</usr/share/texmf-texlive
/fonts/type1/public/amsfonts/cm/cmmi10.pfb></usr/share/texmf-texlive/fonts/type
1/public/amsfonts/cm/cmsy10.pfb></usr/share/texmf-texlive/fonts/type1/urw/couri
er/ucrr8a.pfb></usr/share/texmf-texlive/fonts/type1/urw/helvetic/uhvb8ac.pfb></
usr/share/texmf-texlive/fonts/type1/urw/helvetic/uhvbo8ac.pfb></usr/share/texmf
-texlive/fonts/type1/urw/times/utmb8a.pfb></usr/share/texmf-texlive/fonts/type1
/urw/times/utmr8a.pfb></usr/share/texmf-texlive/fonts/type1/urw/times/utmri8a.p
fb>
Output written on refman.pdf (114 pages, 882888 bytes).
PDF statistics:
 4040 PDF objects out of 4296 (max. 8388607)
 927 named destinations out of 1000 (max. 500000)
 2601 words of extra memory for PDF output out of 10000 (max. 10000000)

